2019-04-11 21:23:25,079 p=11905 u=osgdev |  localhost | SUCCESS => {
    "changed": false, 
    "ping": "pong"
}
2019-04-11 21:23:26,363 p=11905 u=osgdev |  TG-Devops-OS067 | SUCCESS => {
    "changed": false, 
    "ping": "pong"
}
2019-04-11 21:23:26,520 p=11905 u=osgdev |  TG-Devops-OS067.wipro.com | SUCCESS => {
    "changed": false, 
    "ping": "pong"
}
2019-04-11 21:23:57,796 p=12757 u=osgdev |  localhost | SUCCESS | rc=0 >>
Hello World

2019-04-11 21:24:34,035 p=13559 u=osgdev |  localhost | SUCCESS | rc=0 >>
Hello World

2019-04-11 21:25:29,650 p=14764 u=osgdev |  localhost | FAILED | rc=1 >>
cat: /etc/resov.conf: No such file or directorynon-zero return code

2019-04-11 21:27:39,840 p=17628 u=osgdev |   [WARNING]: Consider using file module with state=touch rather than running touch

2019-04-11 21:27:39,841 p=17628 u=osgdev |  localhost | SUCCESS | rc=0 >>


2019-04-11 21:29:51,380 p=20488 u=osgdev |  localhost | SUCCESS => {
    "changed": true, 
    "dest": "/home/osgdev/ansiblehands/newfile2", 
    "gid": 999, 
    "group": "docker", 
    "mode": "0644", 
    "owner": "osgdev", 
    "size": 0, 
    "state": "file", 
    "uid": 1000
}
2019-04-11 21:30:41,589 p=21611 u=osgdev |  localhost | SUCCESS => {
    "changed": true, 
    "path": "/home/osgdev/ansiblehands/newfile2", 
    "state": "absent"
}
2019-04-11 21:35:12,887 p=27770 u=osgdev |  An exception occurred during task execution. To see the full traceback, use -vvv. The error was: AnsibleFileNotFound: Could not find or access '/home/osgdev/ansiblehands/newfile2'
2019-04-11 21:35:12,887 p=27770 u=osgdev |  localhost | FAILED! => {
    "changed": false, 
    "msg": "Could not find or access '/home/osgdev/ansiblehands/newfile2'"
}
2019-04-11 21:35:32,070 p=28206 u=osgdev |  An exception occurred during task execution. To see the full traceback, use -vvv. The error was: AnsibleFileNotFound: Could not find or access '/home/osgdev/ansiblehands/newfile2'
2019-04-11 21:35:32,071 p=28206 u=osgdev |  localhost | FAILED! => {
    "changed": false, 
    "msg": "Could not find or access '/home/osgdev/ansiblehands/newfile2'"
}
2019-04-11 21:36:12,533 p=29078 u=osgdev |  localhost | SUCCESS => {
    "changed": true, 
    "checksum": "da39a3ee5e6b4b0d3255bfef95601890afd80709", 
    "dest": "/home/osgdev/ansiblehands/newfile2", 
    "gid": 999, 
    "group": "docker", 
    "md5sum": "d41d8cd98f00b204e9800998ecf8427e", 
    "mode": "0644", 
    "owner": "osgdev", 
    "size": 0, 
    "src": "/home/osgdev/.ansible/tmp/ansible-tmp-1554998771.65-163222367469129/source", 
    "state": "file", 
    "uid": 1000
}
2019-04-11 21:42:35,270 p=5196 u=osgdev |  localhost | FAILED! => {
    "msg": "The module unarchieve was not found in configured module paths. Additionally, core modules are missing. If this is a checkout, run 'git pull --rebase' to correct this problem."
}
2019-04-11 21:43:07,829 p=5895 u=osgdev |  localhost | FAILED! => {
    "changed": false, 
    "msg": "Could not find or access '/home/osgdev/myDownloads/apache-tomcat-8.5.27.tar.gz'"
}
2019-04-11 21:43:49,107 p=6764 u=osgdev |  localhost | SUCCESS => {
    "changed": true, 
    "dest": "/home/osgdev/resource", 
    "extract_results": {
        "cmd": [
            "/bin/tar", 
            "--extract", 
            "-C", 
            "/home/osgdev/resource", 
            "-z", 
            "-f", 
            "/home/osgdev/.ansible/tmp/ansible-tmp-1554999227.64-64934326764844/source"
        ], 
        "err": "", 
        "out": "", 
        "rc": 0
    }, 
    "gid": 999, 
    "group": "docker", 
    "handler": "TgzArchive", 
    "mode": "0755", 
    "owner": "osgdev", 
    "size": 4096, 
    "src": "/home/osgdev/.ansible/tmp/ansible-tmp-1554999227.64-64934326764844/source", 
    "state": "directory", 
    "uid": 1000
}
2019-04-16 00:28:23,259 p=17974 u=osgdev |   [WARNING]: Could not match supplied host pattern, ignoring: locahost

2019-04-16 00:28:23,281 p=17974 u=osgdev |   [WARNING]: No hosts matched, nothing to do

2019-04-16 00:28:48,753 p=18717 u=osgdev |  localhost | SUCCESS => {
    "changed": true, 
    "checksum": "c46bef72fe29a59d93244b889f130e28ee575df5", 
    "dest": "/home/osgdev/resource/server.xml.j2", 
    "gid": 999, 
    "group": "docker", 
    "md5sum": "1a1db053f27ddddebd261c4b1d8c534c", 
    "mode": "0644", 
    "owner": "osgdev", 
    "size": 7511, 
    "src": "/home/osgdev/.ansible/tmp/ansible-tmp-1555354727.44-11229811490005/source", 
    "state": "file", 
    "uid": 1000
}
2019-04-16 00:32:03,256 p=22978 u=osgdev |  localhost | FAILED! => {
    "changed": false, 
    "msg": "dest is required"
}
2019-04-16 00:33:01,037 p=24230 u=osgdev |  ERROR! Extraneous options or arguments
2019-04-16 00:34:05,674 p=25570 u=osgdev |  localhost | SUCCESS => {
    "changed": true, 
    "checksum": "ca5761ea0ff20e47df81a758de86bb189a41c046", 
    "dest": "/home/osgdev/resource/apache-tomcat-8.5.27/conf/server.xml", 
    "gid": 999, 
    "group": "docker", 
    "md5sum": "af0c9bb3b165cb3f5a0aa07943502c2a", 
    "mode": "0600", 
    "owner": "osgdev", 
    "size": 7511, 
    "src": "/home/osgdev/.ansible/tmp/ansible-tmp-1555355044.76-278071130484606/source", 
    "state": "file", 
    "uid": 1000
}
2019-04-17 12:52:30,283 p=25538 u=osgdev |  localhost | SUCCESS => {
    "changed": false, 
    "ping": "pong"
}
2019-04-17 12:52:32,601 p=25538 u=osgdev |  TG-Devops-OS067.wipro.com | SUCCESS => {
    "changed": false, 
    "ping": "pong"
}
2019-04-17 12:52:32,614 p=25538 u=osgdev |  TG-Devops-OS067 | SUCCESS => {
    "changed": false, 
    "ping": "pong"
}
2019-04-17 13:01:14,031 p=4955 u=osgdev |  localhost | SUCCESS => {
    "changed": true, 
    "checksum": "ca5761ea0ff20e47df81a758de86bb189a41c046", 
    "dest": "/home/osgdev/resource/apache-tomcat-8.5.27/server.xml", 
    "gid": 999, 
    "group": "docker", 
    "md5sum": "af0c9bb3b165cb3f5a0aa07943502c2a", 
    "mode": "0644", 
    "owner": "osgdev", 
    "size": 7511, 
    "src": "/home/osgdev/.ansible/tmp/ansible-tmp-1555486273.25-159538757994243/source", 
    "state": "file", 
    "uid": 1000
}
2019-04-17 13:04:57,192 p=9681 u=osgdev |  localhost | SUCCESS | rc=0 >>
Tomcat started.

2019-04-17 13:09:27,831 p=15809 u=osgdev |  localhost | FAILED | rc=127 >>
/bin/sh: 1: /home/osgdev/resource/apache-tomcat-8.5.27/bin/stopp.sh: not foundnon-zero return code

2019-04-17 13:10:50,509 p=17636 u=osgdev |  localhost | FAILED | rc=127 >>
/bin/sh: 1: /home/osgdev/resource/apache-tomcat-8.5.27/bin/stop.sh: not foundnon-zero return code

2019-04-17 13:11:39,527 p=18702 u=osgdev |  localhost | SUCCESS | rc=0 >>


2019-04-17 13:17:31,407 p=26232 u=osgdev |  ERROR! Syntax Error while loading YAML.


The error appears to have been in '/home/osgdev/ansiblehands/echo.yaml': line 2, column 8, but may
be elsewhere in the file depending on the exact syntax problem.

The offending line appears to be:

-hosts : localhost
 tasks :
       ^ here

exception type: <class 'yaml.scanner.ScannerError'>
exception: mapping values are not allowed in this context
  in "<unicode string>", line 2, column 8
2019-04-17 13:20:50,862 p=30264 u=osgdev |  ERROR! Syntax Error while loading YAML.


The error appears to have been in '/home/osgdev/ansiblehands/echo.yaml': line 2, column 7, but may
be elsewhere in the file depending on the exact syntax problem.

The offending line appears to be:

-hosts: localhost
 tasks:
      ^ here

exception type: <class 'yaml.scanner.ScannerError'>
exception: mapping values are not allowed in this context
  in "<unicode string>", line 2, column 7
2019-04-17 13:23:13,381 p=935 u=osgdev |  ERROR! Syntax Error while loading YAML.


The error appears to have been in '/home/osgdev/ansiblehands/echo.yaml': line 2, column 7, but may
be elsewhere in the file depending on the exact syntax problem.

The offending line appears to be:

-hosts: localhost
 tasks:
      ^ here

exception type: <class 'yaml.scanner.ScannerError'>
exception: mapping values are not allowed in this context
  in "<unicode string>", line 2, column 7
2019-04-17 13:32:28,677 p=13054 u=osgdev |  ERROR! Syntax Error while loading YAML.


The error appears to have been in '/home/osgdev/ansiblehands/echo.yaml': line 2, column 7, but may
be elsewhere in the file depending on the exact syntax problem.

The offending line appears to be:

-hosts: localhost
 tasks:
      ^ here

exception type: <class 'yaml.scanner.ScannerError'>
exception: mapping values are not allowed in this context
  in "<unicode string>", line 2, column 7
2019-04-17 13:34:15,436 p=15657 u=osgdev |  ERROR! Syntax Error while loading YAML.


The error appears to have been in '/home/osgdev/ansiblehands/echo.yml': line 2, column 7, but may
be elsewhere in the file depending on the exact syntax problem.

The offending line appears to be:

-hosts: localhost
 tasks:
      ^ here

exception type: <class 'yaml.scanner.ScannerError'>
exception: mapping values are not allowed in this context
  in "<unicode string>", line 2, column 7
2019-04-17 13:36:57,593 p=19204 u=osgdev |  ERROR! Syntax Error while loading YAML.


The error appears to have been in '/home/osgdev/ansiblehands/echo.yml': line 2, column 7, but may
be elsewhere in the file depending on the exact syntax problem.

The offending line appears to be:

-hosts: localhost
 tasks:
      ^ here

exception type: <class 'yaml.scanner.ScannerError'>
exception: mapping values are not allowed in this context
  in "<unicode string>", line 2, column 7
2019-04-17 13:39:20,535 p=22274 u=osgdev |  ERROR! Syntax Error while loading YAML.


The error appears to have been in '/home/osgdev/ansiblehands/echo.yml': line 2, column 7, but may
be elsewhere in the file depending on the exact syntax problem.

The offending line appears to be:

-hosts: localhost
 tasks:
      ^ here

exception type: <class 'yaml.scanner.ScannerError'>
exception: mapping values are not allowed in this context
  in "<unicode string>", line 2, column 7
2019-04-17 13:44:08,815 p=28434 u=osgdev |  ERROR! Syntax Error while loading YAML.


The error appears to have been in '/home/osgdev/ansiblehands/echo.yml': line 2, column 7, but may
be elsewhere in the file depending on the exact syntax problem.

The offending line appears to be:

-hosts: localhost
 tasks:
      ^ here

exception type: <class 'yaml.scanner.ScannerError'>
exception: mapping values are not allowed in this context
  in "<unicode string>", line 2, column 7
2019-04-17 13:48:10,655 p=1353 u=osgdev |  PLAY [localhost] ********************************************************************************************************************
2019-04-17 13:48:10,703 p=1353 u=osgdev |  TASK [Gathering Facts] **************************************************************************************************************
2019-04-17 13:48:12,942 p=1353 u=osgdev |  ok: [localhost]
2019-04-17 13:48:12,951 p=1353 u=osgdev |  TASK [echo Hello World] *************************************************************************************************************
2019-04-17 13:48:13,393 p=1353 u=osgdev |  changed: [localhost]
2019-04-17 13:48:13,396 p=1353 u=osgdev |  PLAY RECAP **************************************************************************************************************************
2019-04-17 13:48:13,396 p=1353 u=osgdev |  localhost                  : ok=2    changed=1    unreachable=0    failed=0   
2019-04-17 13:48:54,459 p=2461 u=osgdev |  PLAY [localhost] ********************************************************************************************************************
2019-04-17 13:48:54,479 p=2461 u=osgdev |  TASK [Gathering Facts] **************************************************************************************************************
2019-04-17 13:48:55,571 p=2461 u=osgdev |  ok: [localhost]
2019-04-17 13:48:55,579 p=2461 u=osgdev |  TASK [echo Hello World] *************************************************************************************************************
2019-04-17 13:48:55,961 p=2461 u=osgdev |  changed: [localhost]
2019-04-17 13:48:55,964 p=2461 u=osgdev |  PLAY RECAP **************************************************************************************************************************
2019-04-17 13:48:55,964 p=2461 u=osgdev |  localhost                  : ok=2    changed=1    unreachable=0    failed=0   
2019-04-22 15:45:57,549 p=6447 u=osgdev |  PLAY [localhost] *****************************************************************************************************************************
2019-04-22 15:45:57,695 p=6447 u=osgdev |  TASK [Gathering Facts] ***********************************************************************************************************************
2019-04-22 15:45:59,268 p=6447 u=osgdev |  ok: [localhost]
2019-04-22 15:45:59,278 p=6447 u=osgdev |  TASK [echo Hello World] **********************************************************************************************************************
2019-04-22 15:45:59,651 p=6447 u=osgdev |  changed: [localhost]
2019-04-22 15:45:59,657 p=6447 u=osgdev |  PLAY RECAP ***********************************************************************************************************************************
2019-04-22 15:45:59,657 p=6447 u=osgdev |  localhost                  : ok=2    changed=1    unreachable=0    failed=0   
2019-04-22 16:53:54,604 p=31780 u=osgdev |  - roles/node.js was created successfully
2019-04-22 17:26:19,662 p=10630 u=osgdev |  PLAY [localhost] *****************************************************************************************************************************
2019-04-22 17:26:19,831 p=10630 u=osgdev |  TASK [Gathering Facts] ***********************************************************************************************************************
2019-04-22 17:26:21,885 p=10630 u=osgdev |  ok: [localhost]
2019-04-22 17:26:21,892 p=10630 u=osgdev |  TASK [nodejs : Create a target folder for nodejs installation] *******************************************************************************
2019-04-22 17:26:22,373 p=10630 u=osgdev |  changed: [localhost]
2019-04-22 17:26:22,375 p=10630 u=osgdev |  PLAY RECAP ***********************************************************************************************************************************
2019-04-22 17:26:22,375 p=10630 u=osgdev |  localhost                  : ok=2    changed=1    unreachable=0    failed=0   
2019-04-22 17:44:31,687 p=2232 u=osgdev |  PLAY [localhost] *****************************************************************************************************************************
2019-04-22 17:44:31,744 p=2232 u=osgdev |  TASK [Gathering Facts] ***********************************************************************************************************************
2019-04-22 17:44:33,575 p=2232 u=osgdev |  ok: [localhost]
2019-04-22 17:44:33,585 p=2232 u=osgdev |  TASK [nodejs : Create a target folder for nodejs installation] *******************************************************************************
2019-04-22 17:44:33,991 p=2232 u=osgdev |  ok: [localhost]
2019-04-22 17:44:34,052 p=2232 u=osgdev |  TASK [nodejs : copy tar file to the target folder] *******************************************************************************************
2019-04-22 17:44:34,339 p=2232 u=osgdev |  An exception occurred during task execution. To see the full traceback, use -vvv. The error was: AnsibleFileNotFound: Could not find or access '/home/osgdev/Download/node-v10.15.3-linux-x64.tar.xz'
2019-04-22 17:44:34,340 p=2232 u=osgdev |  fatal: [localhost]: FAILED! => {"changed": false, "msg": "Could not find or access '/home/osgdev/Download/node-v10.15.3-linux-x64.tar.xz'"}
2019-04-22 17:44:34,343 p=2232 u=osgdev |  	to retry, use: --limit @/home/osgdev/ansiblehands/roles/nodejs/node.retry

2019-04-22 17:44:34,344 p=2232 u=osgdev |  PLAY RECAP ***********************************************************************************************************************************
2019-04-22 17:44:34,344 p=2232 u=osgdev |  localhost                  : ok=2    changed=0    unreachable=0    failed=1   
2019-04-22 17:45:51,869 p=4108 u=osgdev |  PLAY [localhost] *****************************************************************************************************************************
2019-04-22 17:45:51,883 p=4108 u=osgdev |  TASK [Gathering Facts] ***********************************************************************************************************************
2019-04-22 17:45:52,826 p=4108 u=osgdev |  ok: [localhost]
2019-04-22 17:45:52,834 p=4108 u=osgdev |  TASK [nodejs : Create a target folder for nodejs installation] *******************************************************************************
2019-04-22 17:45:53,152 p=4108 u=osgdev |  ok: [localhost]
2019-04-22 17:45:53,160 p=4108 u=osgdev |  TASK [nodejs : copy tar file to the target folder] *******************************************************************************************
2019-04-22 17:45:56,807 p=4108 u=osgdev |  changed: [localhost]
2019-04-22 17:45:56,812 p=4108 u=osgdev |  PLAY RECAP ***********************************************************************************************************************************
2019-04-22 17:45:56,812 p=4108 u=osgdev |  localhost                  : ok=3    changed=1    unreachable=0    failed=0   
2019-04-22 17:58:52,056 p=21460 u=osgdev |  ERROR! no action detected in task. This often indicates a misspelled module name, or incorrect module path.

The error appears to have been in '/home/osgdev/ansiblehands/roles/nodejs/tasks/main.yml': line 11, column 3, but may
be elsewhere in the file depending on the exact syntax problem.

The offending line appears to be:

   dest: /home/osgdev/ansiblehands/nodejs
- name: Unarchive the tar file for the nodejs installation
  ^ here


The error appears to have been in '/home/osgdev/ansiblehands/roles/nodejs/tasks/main.yml': line 11, column 3, but may
be elsewhere in the file depending on the exact syntax problem.

The offending line appears to be:

   dest: /home/osgdev/ansiblehands/nodejs
- name: Unarchive the tar file for the nodejs installation
  ^ here

exception type: <class 'ansible.errors.AnsibleParserError'>
exception: no action detected in task. This often indicates a misspelled module name, or incorrect module path.

The error appears to have been in '/home/osgdev/ansiblehands/roles/nodejs/tasks/main.yml': line 11, column 3, but may
be elsewhere in the file depending on the exact syntax problem.

The offending line appears to be:

   dest: /home/osgdev/ansiblehands/nodejs
- name: Unarchive the tar file for the nodejs installation
  ^ here

2019-04-22 17:59:44,097 p=22634 u=osgdev |  PLAY [localhost] *****************************************************************************************************************************
2019-04-22 17:59:44,126 p=22634 u=osgdev |  TASK [Gathering Facts] ***********************************************************************************************************************
2019-04-22 17:59:45,019 p=22634 u=osgdev |  ok: [localhost]
2019-04-22 17:59:45,027 p=22634 u=osgdev |  TASK [nodejs : Create a target folder for nodejs installation] *******************************************************************************
2019-04-22 17:59:45,396 p=22634 u=osgdev |  ok: [localhost]
2019-04-22 17:59:45,408 p=22634 u=osgdev |  TASK [nodejs : copy tar file to the target folder] *******************************************************************************************
2019-04-22 17:59:46,082 p=22634 u=osgdev |  ok: [localhost]
2019-04-22 17:59:46,099 p=22634 u=osgdev |  TASK [nodejs : Unarchive the tar file for the nodejs installation] ***************************************************************************
2019-04-22 17:59:52,818 p=22634 u=osgdev |  changed: [localhost]
2019-04-22 17:59:52,838 p=22634 u=osgdev |  PLAY RECAP ***********************************************************************************************************************************
2019-04-22 17:59:52,839 p=22634 u=osgdev |  localhost                  : ok=4    changed=1    unreachable=0    failed=0   
2019-04-22 21:16:58,512 p=14213 u=osgdev |  - roles/tomcat was created successfully
2019-04-22 21:28:21,920 p=30643 u=osgdev |  ERROR! 'role' is not a valid attribute for a Play

The error appears to have been in '/home/osgdev/ansiblehands/roles/tomcat/tomcat.yml': line 1, column 3, but may
be elsewhere in the file depending on the exact syntax problem.

The offending line appears to be:


- hosts: localhost
  ^ here

2019-04-22 21:30:24,099 p=1290 u=osgdev |  PLAY [localhost] *********************************************************************************************************************
2019-04-22 21:30:24,279 p=1290 u=osgdev |  TASK [Gathering Facts] ***************************************************************************************************************
2019-04-22 21:30:26,730 p=1290 u=osgdev |  ok: [localhost]
2019-04-22 21:30:26,747 p=1290 u=osgdev |  TASK [tomcat : Create the target folder] *********************************************************************************************
2019-04-22 21:30:27,282 p=1290 u=osgdev |  changed: [localhost]
2019-04-22 21:30:27,302 p=1290 u=osgdev |  TASK [tomcat : Install Tomcat] *******************************************************************************************************
2019-04-22 21:30:29,185 p=1290 u=osgdev |  changed: [localhost]
2019-04-22 21:30:29,188 p=1290 u=osgdev |  PLAY RECAP ***************************************************************************************************************************
2019-04-22 21:30:29,190 p=1290 u=osgdev |  localhost                  : ok=3    changed=2    unreachable=0    failed=0   
2019-04-23 19:26:53,494 p=17597 u=osgdev |  ERROR! Syntax Error while loading YAML.


The error appears to have been in '/home/osgdev/ansiblehands/roles/tomcat/tasks/main.yml': line 26, column 1, but may
be elsewhere in the file depending on the exact syntax problem.

(specified line no longer in file, maybe it changed?)
exception type: <class 'yaml.scanner.ScannerError'>
exception: while scanning a simple key
  in "<unicode string>", line 24, column 3
could not find expected ':'
  in "<unicode string>", line 26, column 1
2019-04-23 19:28:18,844 p=19753 u=osgdev |  PLAY [localhost] *****************************************************************************************************************************
2019-04-23 19:28:19,062 p=19753 u=osgdev |  TASK [Gathering Facts] ***********************************************************************************************************************
2019-04-23 19:28:21,548 p=19753 u=osgdev |  ok: [localhost]
2019-04-23 19:28:21,562 p=19753 u=osgdev |  TASK [tomcat : Create the target folder] *****************************************************************************************************
2019-04-23 19:28:22,000 p=19753 u=osgdev |  ok: [localhost]
2019-04-23 19:28:22,026 p=19753 u=osgdev |  TASK [tomcat : Install Tomcat] ***************************************************************************************************************
2019-04-23 19:28:26,907 p=19753 u=osgdev |  ok: [localhost]
2019-04-23 19:28:26,963 p=19753 u=osgdev |  TASK [tomcat : Configure the port address] ***************************************************************************************************
2019-04-23 19:28:27,088 p=19753 u=osgdev |  fatal: [localhost]: FAILED! => {"changed": false, "msg": "AnsibleUndefinedVariable: 'tomcat_port' is undefined"}
2019-04-23 19:28:27,098 p=19753 u=osgdev |  	to retry, use: --limit @/home/osgdev/ansiblehands/roles/tomcat/tomcat.retry

2019-04-23 19:28:27,099 p=19753 u=osgdev |  PLAY RECAP ***********************************************************************************************************************************
2019-04-23 19:28:27,099 p=19753 u=osgdev |  localhost                  : ok=3    changed=0    unreachable=0    failed=1   
2019-04-23 19:30:35,725 p=23345 u=osgdev |  PLAY [localhost] *****************************************************************************************************************************
2019-04-23 19:30:35,756 p=23345 u=osgdev |  TASK [Gathering Facts] ***********************************************************************************************************************
2019-04-23 19:30:37,281 p=23345 u=osgdev |  ok: [localhost]
2019-04-23 19:30:37,291 p=23345 u=osgdev |  TASK [tomcat : Create the target folder] *****************************************************************************************************
2019-04-23 19:30:37,809 p=23345 u=osgdev |  ok: [localhost]
2019-04-23 19:30:37,832 p=23345 u=osgdev |  TASK [tomcat : Install Tomcat] ***************************************************************************************************************
2019-04-23 19:30:39,393 p=23345 u=osgdev |  ok: [localhost]
2019-04-23 19:30:39,415 p=23345 u=osgdev |  TASK [tomcat : Configure the port address] ***************************************************************************************************
2019-04-23 19:30:40,391 p=23345 u=osgdev |  fatal: [localhost]: FAILED! => {"changed": false, "checksum": "a6a4b27b9a21645223dffd3594780dd484ba6cab", "msg": "Destination directory /home/osgdev/ansiblehands/tomcat/apache-tomcat-8.5.27/conf/server does not exist"}
2019-04-23 19:30:40,394 p=23345 u=osgdev |  	to retry, use: --limit @/home/osgdev/ansiblehands/roles/tomcat/tomcat.retry

2019-04-23 19:30:40,395 p=23345 u=osgdev |  PLAY RECAP ***********************************************************************************************************************************
2019-04-23 19:30:40,395 p=23345 u=osgdev |  localhost                  : ok=3    changed=0    unreachable=0    failed=1   
2019-04-23 19:34:59,890 p=30021 u=osgdev |  PLAY [localhost] *****************************************************************************************************************************
2019-04-23 19:34:59,904 p=30021 u=osgdev |  TASK [Gathering Facts] ***********************************************************************************************************************
2019-04-23 19:35:01,411 p=30021 u=osgdev |  ok: [localhost]
2019-04-23 19:35:01,421 p=30021 u=osgdev |  TASK [tomcat : Create the target folder] *****************************************************************************************************
2019-04-23 19:35:01,840 p=30021 u=osgdev |  ok: [localhost]
2019-04-23 19:35:01,872 p=30021 u=osgdev |  TASK [tomcat : Install Tomcat] ***************************************************************************************************************
2019-04-23 19:35:03,287 p=30021 u=osgdev |  ok: [localhost]
2019-04-23 19:35:03,304 p=30021 u=osgdev |  TASK [tomcat : Configure the port address] ***************************************************************************************************
2019-04-23 19:35:03,948 p=30021 u=osgdev |  changed: [localhost]
2019-04-23 19:35:03,958 p=30021 u=osgdev |  TASK [tomcat : Deploy the war file in the Webapps directory] *********************************************************************************
2019-04-23 19:35:04,144 p=30021 u=osgdev |  An exception occurred during task execution. To see the full traceback, use -vvv. The error was: AnsibleFileNotFound: Could not find or access '/home/BookstoreWarfile/ILP-0.0.1-20190411.192309-16.war'
2019-04-23 19:35:04,145 p=30021 u=osgdev |  fatal: [localhost]: FAILED! => {"changed": false, "msg": "Could not find or access '/home/BookstoreWarfile/ILP-0.0.1-20190411.192309-16.war'"}
2019-04-23 19:35:04,148 p=30021 u=osgdev |  	to retry, use: --limit @/home/osgdev/ansiblehands/roles/tomcat/tomcat.retry

2019-04-23 19:35:04,148 p=30021 u=osgdev |  PLAY RECAP ***********************************************************************************************************************************
2019-04-23 19:35:04,149 p=30021 u=osgdev |  localhost                  : ok=4    changed=1    unreachable=0    failed=1   
2019-04-23 19:41:05,148 p=7292 u=osgdev |  PLAY [localhost] *****************************************************************************************************************************
2019-04-23 19:41:05,173 p=7292 u=osgdev |  TASK [Gathering Facts] ***********************************************************************************************************************
2019-04-23 19:41:06,629 p=7292 u=osgdev |  ok: [localhost]
2019-04-23 19:41:06,638 p=7292 u=osgdev |  TASK [tomcat : Create the target folder] *****************************************************************************************************
2019-04-23 19:41:07,082 p=7292 u=osgdev |  ok: [localhost]
2019-04-23 19:41:07,096 p=7292 u=osgdev |  TASK [tomcat : Install Tomcat] ***************************************************************************************************************
2019-04-23 19:41:09,075 p=7292 u=osgdev |  changed: [localhost]
2019-04-23 19:41:09,089 p=7292 u=osgdev |  TASK [tomcat : Configure the port address] ***************************************************************************************************
2019-04-23 19:41:09,717 p=7292 u=osgdev |  changed: [localhost]
2019-04-23 19:41:09,733 p=7292 u=osgdev |  TASK [tomcat : Deploy the war file in the Webapps directory] *********************************************************************************
2019-04-23 19:41:10,357 p=7292 u=osgdev |  changed: [localhost]
2019-04-23 19:41:10,373 p=7292 u=osgdev |  TASK [tomcat : Start the tomcat server] ******************************************************************************************************
2019-04-23 19:41:10,926 p=7292 u=osgdev |  changed: [localhost]
2019-04-23 19:41:10,941 p=7292 u=osgdev |  PLAY RECAP ***********************************************************************************************************************************
2019-04-23 19:41:10,941 p=7292 u=osgdev |  localhost                  : ok=6    changed=4    unreachable=0    failed=0   
2019-04-23 19:53:59,956 p=24969 u=osgdev |  PLAY [localhost] *****************************************************************************************************************************
2019-04-23 19:54:00,225 p=24969 u=osgdev |  TASK [Gathering Facts] ***********************************************************************************************************************
2019-04-23 19:54:06,328 p=24969 u=osgdev |  ok: [localhost]
2019-04-23 19:54:06,350 p=24969 u=osgdev |  TASK [tomcat : Create the target folder] *****************************************************************************************************
2019-04-23 19:54:07,215 p=24969 u=osgdev |  ok: [localhost]
2019-04-23 19:54:07,265 p=24969 u=osgdev |  TASK [tomcat : Install Tomcat] ***************************************************************************************************************
2019-04-23 19:54:12,770 p=24969 u=osgdev |  changed: [localhost]
2019-04-23 19:54:12,830 p=24969 u=osgdev |  TASK [tomcat : Configure the port address] ***************************************************************************************************
2019-04-23 19:54:14,223 p=24969 u=osgdev |  changed: [localhost]
2019-04-23 19:54:14,239 p=24969 u=osgdev |  TASK [tomcat : Deploy the war file in the Webapps directory] *********************************************************************************
2019-04-23 19:54:15,316 p=24969 u=osgdev |  ok: [localhost]
2019-04-23 19:54:15,331 p=24969 u=osgdev |  TASK [tomcat : Start the tomcat server] ******************************************************************************************************
2019-04-23 19:54:16,096 p=24969 u=osgdev |  changed: [localhost]
2019-04-23 19:54:16,103 p=24969 u=osgdev |  PLAY RECAP ***********************************************************************************************************************************
2019-04-23 19:54:16,103 p=24969 u=osgdev |  localhost                  : ok=6    changed=3    unreachable=0    failed=0   
2019-04-23 21:37:39,181 p=4789 u=osgdev |  PLAY [localhost] *****************************************************************************************************************************
2019-04-23 21:37:39,338 p=4789 u=osgdev |  TASK [Gathering Facts] ***********************************************************************************************************************
2019-04-23 21:37:43,904 p=4789 u=osgdev |  ok: [localhost]
2019-04-23 21:37:43,931 p=4789 u=osgdev |  TASK [tomcat : Create the target folder] *****************************************************************************************************
2019-04-23 21:37:44,850 p=4789 u=osgdev |  ok: [localhost]
2019-04-23 21:37:44,881 p=4789 u=osgdev |  TASK [tomcat : Install Tomcat] ***************************************************************************************************************
2019-04-23 21:37:51,645 p=4789 u=osgdev |  changed: [localhost]
2019-04-23 21:37:51,670 p=4789 u=osgdev |  TASK [tomcat : Configure the port address] ***************************************************************************************************
2019-04-23 21:37:53,113 p=4789 u=osgdev |  changed: [localhost]
2019-04-23 21:37:53,124 p=4789 u=osgdev |  TASK [tomcat : Deploy the war file in the Webapps directory] *********************************************************************************
2019-04-23 21:37:54,523 p=4789 u=osgdev |  ok: [localhost]
2019-04-23 21:37:54,548 p=4789 u=osgdev |  TASK [tomcat : Start the tomcat server] ******************************************************************************************************
2019-04-23 21:37:55,190 p=4789 u=osgdev |  changed: [localhost]
2019-04-23 21:37:55,212 p=4789 u=osgdev |  PLAY RECAP ***********************************************************************************************************************************
2019-04-23 21:37:55,212 p=4789 u=osgdev |  localhost                  : ok=6    changed=3    unreachable=0    failed=0   
