23-Apr-2019 19:41:17.367 INFO [main] org.apache.catalina.startup.VersionLoggerListener.log Server version:        Apache Tomcat/8.5.27
23-Apr-2019 19:41:17.520 INFO [main] org.apache.catalina.startup.VersionLoggerListener.log Server built:          Jan 18 2018 20:12:40 UTC
23-Apr-2019 19:41:17.520 INFO [main] org.apache.catalina.startup.VersionLoggerListener.log Server number:         8.5.27.0
23-Apr-2019 19:41:17.520 INFO [main] org.apache.catalina.startup.VersionLoggerListener.log OS Name:               Linux
23-Apr-2019 19:41:17.520 INFO [main] org.apache.catalina.startup.VersionLoggerListener.log OS Version:            4.4.0-112-generic
23-Apr-2019 19:41:17.520 INFO [main] org.apache.catalina.startup.VersionLoggerListener.log Architecture:          amd64
23-Apr-2019 19:41:17.520 INFO [main] org.apache.catalina.startup.VersionLoggerListener.log Java Home:             /usr/java/jdk1.8.0_162/jre
23-Apr-2019 19:41:17.521 INFO [main] org.apache.catalina.startup.VersionLoggerListener.log JVM Version:           1.8.0_162-b12
23-Apr-2019 19:41:17.521 INFO [main] org.apache.catalina.startup.VersionLoggerListener.log JVM Vendor:            Oracle Corporation
23-Apr-2019 19:41:17.521 INFO [main] org.apache.catalina.startup.VersionLoggerListener.log CATALINA_BASE:         /home/osgdev/ansiblehands/tomcat/apache-tomcat-8.5.27
23-Apr-2019 19:41:17.521 INFO [main] org.apache.catalina.startup.VersionLoggerListener.log CATALINA_HOME:         /home/osgdev/ansiblehands/tomcat/apache-tomcat-8.5.27
23-Apr-2019 19:41:17.521 INFO [main] org.apache.catalina.startup.VersionLoggerListener.log Command line argument: -Djava.util.logging.config.file=/home/osgdev/ansiblehands/tomcat/apache-tomcat-8.5.27/conf/logging.properties
23-Apr-2019 19:41:17.521 INFO [main] org.apache.catalina.startup.VersionLoggerListener.log Command line argument: -Djava.util.logging.manager=org.apache.juli.ClassLoaderLogManager
23-Apr-2019 19:41:17.522 INFO [main] org.apache.catalina.startup.VersionLoggerListener.log Command line argument: -Djdk.tls.ephemeralDHKeySize=2048
23-Apr-2019 19:41:17.522 INFO [main] org.apache.catalina.startup.VersionLoggerListener.log Command line argument: -Djava.protocol.handler.pkgs=org.apache.catalina.webresources
23-Apr-2019 19:41:17.522 INFO [main] org.apache.catalina.startup.VersionLoggerListener.log Command line argument: -Dignore.endorsed.dirs=
23-Apr-2019 19:41:17.522 INFO [main] org.apache.catalina.startup.VersionLoggerListener.log Command line argument: -Dcatalina.base=/home/osgdev/ansiblehands/tomcat/apache-tomcat-8.5.27
23-Apr-2019 19:41:17.522 INFO [main] org.apache.catalina.startup.VersionLoggerListener.log Command line argument: -Dcatalina.home=/home/osgdev/ansiblehands/tomcat/apache-tomcat-8.5.27
23-Apr-2019 19:41:17.522 INFO [main] org.apache.catalina.startup.VersionLoggerListener.log Command line argument: -Djava.io.tmpdir=/home/osgdev/ansiblehands/tomcat/apache-tomcat-8.5.27/temp
23-Apr-2019 19:41:17.523 INFO [main] org.apache.catalina.core.AprLifecycleListener.lifecycleEvent The APR based Apache Tomcat Native library which allows optimal performance in production environments was not found on the java.library.path: [/usr/java/packages/lib/amd64:/usr/lib64:/lib64:/lib:/usr/lib]
23-Apr-2019 19:41:18.749 INFO [main] org.apache.coyote.AbstractProtocol.init Initializing ProtocolHandler ["http-nio-8000"]
23-Apr-2019 19:41:18.963 INFO [main] org.apache.tomcat.util.net.NioSelectorPool.getSharedSelector Using a shared selector for servlet write/read
23-Apr-2019 19:41:18.990 INFO [main] org.apache.coyote.AbstractProtocol.init Initializing ProtocolHandler ["ajp-nio-8009"]
23-Apr-2019 19:41:18.992 SEVERE [main] org.apache.catalina.core.StandardService.initInternal Failed to initialize connector [Connector[AJP/1.3-8009]]
 org.apache.catalina.LifecycleException: Failed to initialize component [Connector[AJP/1.3-8009]]
	at org.apache.catalina.util.LifecycleBase.init(LifecycleBase.java:113)
	at org.apache.catalina.core.StandardService.initInternal(StandardService.java:549)
	at org.apache.catalina.util.LifecycleBase.init(LifecycleBase.java:107)
	at org.apache.catalina.core.StandardServer.initInternal(StandardServer.java:875)
	at org.apache.catalina.util.LifecycleBase.init(LifecycleBase.java:107)
	at org.apache.catalina.startup.Catalina.load(Catalina.java:621)
	at org.apache.catalina.startup.Catalina.load(Catalina.java:644)
	at sun.reflect.NativeMethodAccessorImpl.invoke0(Native Method)
	at sun.reflect.NativeMethodAccessorImpl.invoke(NativeMethodAccessorImpl.java:62)
	at sun.reflect.DelegatingMethodAccessorImpl.invoke(DelegatingMethodAccessorImpl.java:43)
	at java.lang.reflect.Method.invoke(Method.java:498)
	at org.apache.catalina.startup.Bootstrap.load(Bootstrap.java:309)
	at org.apache.catalina.startup.Bootstrap.main(Bootstrap.java:492)
Caused by: org.apache.catalina.LifecycleException: Protocol handler initialization failed
	at org.apache.catalina.connector.Connector.initInternal(Connector.java:996)
	at org.apache.catalina.util.LifecycleBase.init(LifecycleBase.java:107)
	... 12 more
Caused by: java.net.BindException: Address already in use
	at sun.nio.ch.Net.bind0(Native Method)
	at sun.nio.ch.Net.bind(Net.java:433)
	at sun.nio.ch.Net.bind(Net.java:425)
	at sun.nio.ch.ServerSocketChannelImpl.bind(ServerSocketChannelImpl.java:223)
	at sun.nio.ch.ServerSocketAdaptor.bind(ServerSocketAdaptor.java:74)
	at org.apache.tomcat.util.net.NioEndpoint.bind(NioEndpoint.java:210)
	at org.apache.tomcat.util.net.AbstractEndpoint.init(AbstractEndpoint.java:1086)
	at org.apache.tomcat.util.net.AbstractJsseEndpoint.init(AbstractJsseEndpoint.java:268)
	at org.apache.coyote.AbstractProtocol.init(AbstractProtocol.java:581)
	at org.apache.catalina.connector.Connector.initInternal(Connector.java:993)
	... 13 more

23-Apr-2019 19:41:19.002 INFO [main] org.apache.catalina.startup.Catalina.load Initialization processed in 4365 ms
23-Apr-2019 19:41:19.094 INFO [main] org.apache.catalina.core.StandardService.startInternal Starting service [Catalina]
23-Apr-2019 19:41:19.095 INFO [main] org.apache.catalina.core.StandardEngine.startInternal Starting Servlet Engine: Apache Tomcat/8.5.27
23-Apr-2019 19:41:19.194 INFO [localhost-startStop-1] org.apache.catalina.startup.HostConfig.deployWAR Deploying web application archive [/home/osgdev/ansiblehands/tomcat/apache-tomcat-8.5.27/webapps/ILP-0.0.1-20190411.192309-16.war]
23-Apr-2019 19:41:22.566 INFO [localhost-startStop-1] org.apache.catalina.startup.HostConfig.deployWAR Deployment of web application archive [/home/osgdev/ansiblehands/tomcat/apache-tomcat-8.5.27/webapps/ILP-0.0.1-20190411.192309-16.war] has finished in [3,368] ms
23-Apr-2019 19:41:22.568 INFO [localhost-startStop-1] org.apache.catalina.startup.HostConfig.deployDirectory Deploying web application directory [/home/osgdev/ansiblehands/tomcat/apache-tomcat-8.5.27/webapps/examples]
23-Apr-2019 19:41:23.079 INFO [localhost-startStop-1] org.apache.catalina.startup.HostConfig.deployDirectory Deployment of web application directory [/home/osgdev/ansiblehands/tomcat/apache-tomcat-8.5.27/webapps/examples] has finished in [511] ms
23-Apr-2019 19:41:23.079 INFO [localhost-startStop-1] org.apache.catalina.startup.HostConfig.deployDirectory Deploying web application directory [/home/osgdev/ansiblehands/tomcat/apache-tomcat-8.5.27/webapps/docs]
23-Apr-2019 19:41:23.097 INFO [localhost-startStop-1] org.apache.catalina.startup.HostConfig.deployDirectory Deployment of web application directory [/home/osgdev/ansiblehands/tomcat/apache-tomcat-8.5.27/webapps/docs] has finished in [18] ms
23-Apr-2019 19:41:23.097 INFO [localhost-startStop-1] org.apache.catalina.startup.HostConfig.deployDirectory Deploying web application directory [/home/osgdev/ansiblehands/tomcat/apache-tomcat-8.5.27/webapps/manager]
23-Apr-2019 19:41:23.138 INFO [localhost-startStop-1] org.apache.catalina.startup.HostConfig.deployDirectory Deployment of web application directory [/home/osgdev/ansiblehands/tomcat/apache-tomcat-8.5.27/webapps/manager] has finished in [40] ms
23-Apr-2019 19:41:23.138 INFO [localhost-startStop-1] org.apache.catalina.startup.HostConfig.deployDirectory Deploying web application directory [/home/osgdev/ansiblehands/tomcat/apache-tomcat-8.5.27/webapps/host-manager]
23-Apr-2019 19:41:23.169 INFO [localhost-startStop-1] org.apache.catalina.startup.HostConfig.deployDirectory Deployment of web application directory [/home/osgdev/ansiblehands/tomcat/apache-tomcat-8.5.27/webapps/host-manager] has finished in [31] ms
23-Apr-2019 19:41:23.169 INFO [localhost-startStop-1] org.apache.catalina.startup.HostConfig.deployDirectory Deploying web application directory [/home/osgdev/ansiblehands/tomcat/apache-tomcat-8.5.27/webapps/ROOT]
23-Apr-2019 19:41:23.193 INFO [localhost-startStop-1] org.apache.catalina.startup.HostConfig.deployDirectory Deployment of web application directory [/home/osgdev/ansiblehands/tomcat/apache-tomcat-8.5.27/webapps/ROOT] has finished in [23] ms
23-Apr-2019 19:41:23.201 INFO [main] org.apache.coyote.AbstractProtocol.start Starting ProtocolHandler ["http-nio-8000"]
23-Apr-2019 19:41:23.240 INFO [main] org.apache.catalina.startup.Catalina.start Server startup in 4237 ms
23-Apr-2019 19:54:20.594 INFO [main] org.apache.catalina.startup.VersionLoggerListener.log Server version:        Apache Tomcat/8.5.27
23-Apr-2019 19:54:20.624 INFO [main] org.apache.catalina.startup.VersionLoggerListener.log Server built:          Jan 18 2018 20:12:40 UTC
23-Apr-2019 19:54:20.624 INFO [main] org.apache.catalina.startup.VersionLoggerListener.log Server number:         8.5.27.0
23-Apr-2019 19:54:20.625 INFO [main] org.apache.catalina.startup.VersionLoggerListener.log OS Name:               Linux
23-Apr-2019 19:54:20.626 INFO [main] org.apache.catalina.startup.VersionLoggerListener.log OS Version:            4.4.0-112-generic
23-Apr-2019 19:54:20.626 INFO [main] org.apache.catalina.startup.VersionLoggerListener.log Architecture:          amd64
23-Apr-2019 19:54:20.626 INFO [main] org.apache.catalina.startup.VersionLoggerListener.log Java Home:             /usr/java/jdk1.8.0_162/jre
23-Apr-2019 19:54:20.626 INFO [main] org.apache.catalina.startup.VersionLoggerListener.log JVM Version:           1.8.0_162-b12
23-Apr-2019 19:54:20.626 INFO [main] org.apache.catalina.startup.VersionLoggerListener.log JVM Vendor:            Oracle Corporation
23-Apr-2019 19:54:20.626 INFO [main] org.apache.catalina.startup.VersionLoggerListener.log CATALINA_BASE:         /home/osgdev/ansiblehands/tomcat/apache-tomcat-8.5.27
23-Apr-2019 19:54:20.627 INFO [main] org.apache.catalina.startup.VersionLoggerListener.log CATALINA_HOME:         /home/osgdev/ansiblehands/tomcat/apache-tomcat-8.5.27
23-Apr-2019 19:54:20.627 INFO [main] org.apache.catalina.startup.VersionLoggerListener.log Command line argument: -Djava.util.logging.config.file=/home/osgdev/ansiblehands/tomcat/apache-tomcat-8.5.27/conf/logging.properties
23-Apr-2019 19:54:20.627 INFO [main] org.apache.catalina.startup.VersionLoggerListener.log Command line argument: -Djava.util.logging.manager=org.apache.juli.ClassLoaderLogManager
23-Apr-2019 19:54:20.627 INFO [main] org.apache.catalina.startup.VersionLoggerListener.log Command line argument: -Djdk.tls.ephemeralDHKeySize=2048
23-Apr-2019 19:54:20.628 INFO [main] org.apache.catalina.startup.VersionLoggerListener.log Command line argument: -Djava.protocol.handler.pkgs=org.apache.catalina.webresources
23-Apr-2019 19:54:20.628 INFO [main] org.apache.catalina.startup.VersionLoggerListener.log Command line argument: -Dignore.endorsed.dirs=
23-Apr-2019 19:54:20.628 INFO [main] org.apache.catalina.startup.VersionLoggerListener.log Command line argument: -Dcatalina.base=/home/osgdev/ansiblehands/tomcat/apache-tomcat-8.5.27
23-Apr-2019 19:54:20.628 INFO [main] org.apache.catalina.startup.VersionLoggerListener.log Command line argument: -Dcatalina.home=/home/osgdev/ansiblehands/tomcat/apache-tomcat-8.5.27
23-Apr-2019 19:54:20.628 INFO [main] org.apache.catalina.startup.VersionLoggerListener.log Command line argument: -Djava.io.tmpdir=/home/osgdev/ansiblehands/tomcat/apache-tomcat-8.5.27/temp
23-Apr-2019 19:54:20.628 INFO [main] org.apache.catalina.core.AprLifecycleListener.lifecycleEvent The APR based Apache Tomcat Native library which allows optimal performance in production environments was not found on the java.library.path: [/usr/java/packages/lib/amd64:/usr/lib64:/lib64:/lib:/usr/lib]
23-Apr-2019 19:54:21.936 INFO [main] org.apache.coyote.AbstractProtocol.init Initializing ProtocolHandler ["http-nio-8000"]
23-Apr-2019 19:54:22.069 SEVERE [main] org.apache.catalina.core.StandardService.initInternal Failed to initialize connector [Connector[HTTP/1.1-8000]]
 org.apache.catalina.LifecycleException: Failed to initialize component [Connector[HTTP/1.1-8000]]
	at org.apache.catalina.util.LifecycleBase.init(LifecycleBase.java:113)
	at org.apache.catalina.core.StandardService.initInternal(StandardService.java:549)
	at org.apache.catalina.util.LifecycleBase.init(LifecycleBase.java:107)
	at org.apache.catalina.core.StandardServer.initInternal(StandardServer.java:875)
	at org.apache.catalina.util.LifecycleBase.init(LifecycleBase.java:107)
	at org.apache.catalina.startup.Catalina.load(Catalina.java:621)
	at org.apache.catalina.startup.Catalina.load(Catalina.java:644)
	at sun.reflect.NativeMethodAccessorImpl.invoke0(Native Method)
	at sun.reflect.NativeMethodAccessorImpl.invoke(NativeMethodAccessorImpl.java:62)
	at sun.reflect.DelegatingMethodAccessorImpl.invoke(DelegatingMethodAccessorImpl.java:43)
	at java.lang.reflect.Method.invoke(Method.java:498)
	at org.apache.catalina.startup.Bootstrap.load(Bootstrap.java:309)
	at org.apache.catalina.startup.Bootstrap.main(Bootstrap.java:492)
Caused by: org.apache.catalina.LifecycleException: Protocol handler initialization failed
	at org.apache.catalina.connector.Connector.initInternal(Connector.java:996)
	at org.apache.catalina.util.LifecycleBase.init(LifecycleBase.java:107)
	... 12 more
Caused by: java.net.BindException: Address already in use
	at sun.nio.ch.Net.bind0(Native Method)
	at sun.nio.ch.Net.bind(Net.java:433)
	at sun.nio.ch.Net.bind(Net.java:425)
	at sun.nio.ch.ServerSocketChannelImpl.bind(ServerSocketChannelImpl.java:223)
	at sun.nio.ch.ServerSocketAdaptor.bind(ServerSocketAdaptor.java:74)
	at org.apache.tomcat.util.net.NioEndpoint.bind(NioEndpoint.java:210)
	at org.apache.tomcat.util.net.AbstractEndpoint.init(AbstractEndpoint.java:1086)
	at org.apache.tomcat.util.net.AbstractJsseEndpoint.init(AbstractJsseEndpoint.java:268)
	at org.apache.coyote.AbstractProtocol.init(AbstractProtocol.java:581)
	at org.apache.coyote.http11.AbstractHttp11Protocol.init(AbstractHttp11Protocol.java:68)
	at org.apache.catalina.connector.Connector.initInternal(Connector.java:993)
	... 13 more

23-Apr-2019 19:54:22.079 INFO [main] org.apache.coyote.AbstractProtocol.init Initializing ProtocolHandler ["ajp-nio-8009"]
23-Apr-2019 19:54:22.084 SEVERE [main] org.apache.catalina.core.StandardService.initInternal Failed to initialize connector [Connector[AJP/1.3-8009]]
 org.apache.catalina.LifecycleException: Failed to initialize component [Connector[AJP/1.3-8009]]
	at org.apache.catalina.util.LifecycleBase.init(LifecycleBase.java:113)
	at org.apache.catalina.core.StandardService.initInternal(StandardService.java:549)
	at org.apache.catalina.util.LifecycleBase.init(LifecycleBase.java:107)
	at org.apache.catalina.core.StandardServer.initInternal(StandardServer.java:875)
	at org.apache.catalina.util.LifecycleBase.init(LifecycleBase.java:107)
	at org.apache.catalina.startup.Catalina.load(Catalina.java:621)
	at org.apache.catalina.startup.Catalina.load(Catalina.java:644)
	at sun.reflect.NativeMethodAccessorImpl.invoke0(Native Method)
	at sun.reflect.NativeMethodAccessorImpl.invoke(NativeMethodAccessorImpl.java:62)
	at sun.reflect.DelegatingMethodAccessorImpl.invoke(DelegatingMethodAccessorImpl.java:43)
	at java.lang.reflect.Method.invoke(Method.java:498)
	at org.apache.catalina.startup.Bootstrap.load(Bootstrap.java:309)
	at org.apache.catalina.startup.Bootstrap.main(Bootstrap.java:492)
Caused by: org.apache.catalina.LifecycleException: Protocol handler initialization failed
	at org.apache.catalina.connector.Connector.initInternal(Connector.java:996)
	at org.apache.catalina.util.LifecycleBase.init(LifecycleBase.java:107)
	... 12 more
Caused by: java.net.BindException: Address already in use
	at sun.nio.ch.Net.bind0(Native Method)
	at sun.nio.ch.Net.bind(Net.java:433)
	at sun.nio.ch.Net.bind(Net.java:425)
	at sun.nio.ch.ServerSocketChannelImpl.bind(ServerSocketChannelImpl.java:223)
	at sun.nio.ch.ServerSocketAdaptor.bind(ServerSocketAdaptor.java:74)
	at org.apache.tomcat.util.net.NioEndpoint.bind(NioEndpoint.java:210)
	at org.apache.tomcat.util.net.AbstractEndpoint.init(AbstractEndpoint.java:1086)
	at org.apache.tomcat.util.net.AbstractJsseEndpoint.init(AbstractJsseEndpoint.java:268)
	at org.apache.coyote.AbstractProtocol.init(AbstractProtocol.java:581)
	at org.apache.catalina.connector.Connector.initInternal(Connector.java:993)
	... 13 more

23-Apr-2019 19:54:22.087 INFO [main] org.apache.catalina.startup.Catalina.load Initialization processed in 4148 ms
23-Apr-2019 19:54:22.357 INFO [main] org.apache.catalina.core.StandardService.startInternal Starting service [Catalina]
23-Apr-2019 19:54:22.357 INFO [main] org.apache.catalina.core.StandardEngine.startInternal Starting Servlet Engine: Apache Tomcat/8.5.27
23-Apr-2019 19:54:22.456 INFO [localhost-startStop-1] org.apache.catalina.startup.HostConfig.deployWAR Deploying web application archive [/home/osgdev/ansiblehands/tomcat/apache-tomcat-8.5.27/webapps/ILP-0.0.1-20190411.192309-16.war]
23-Apr-2019 19:54:25.446 INFO [localhost-startStop-1] org.apache.catalina.startup.HostConfig.deployWAR Deployment of web application archive [/home/osgdev/ansiblehands/tomcat/apache-tomcat-8.5.27/webapps/ILP-0.0.1-20190411.192309-16.war] has finished in [2,957] ms
23-Apr-2019 19:54:25.452 INFO [localhost-startStop-1] org.apache.catalina.startup.HostConfig.deployDirectory Deploying web application directory [/home/osgdev/ansiblehands/tomcat/apache-tomcat-8.5.27/webapps/examples]
23-Apr-2019 19:54:26.291 INFO [localhost-startStop-1] org.apache.catalina.startup.HostConfig.deployDirectory Deployment of web application directory [/home/osgdev/ansiblehands/tomcat/apache-tomcat-8.5.27/webapps/examples] has finished in [839] ms
23-Apr-2019 19:54:26.292 INFO [localhost-startStop-1] org.apache.catalina.startup.HostConfig.deployDirectory Deploying web application directory [/home/osgdev/ansiblehands/tomcat/apache-tomcat-8.5.27/webapps/docs]
23-Apr-2019 19:54:26.340 INFO [localhost-startStop-1] org.apache.catalina.startup.HostConfig.deployDirectory Deployment of web application directory [/home/osgdev/ansiblehands/tomcat/apache-tomcat-8.5.27/webapps/docs] has finished in [48] ms
23-Apr-2019 19:54:26.341 INFO [localhost-startStop-1] org.apache.catalina.startup.HostConfig.deployDirectory Deploying web application directory [/home/osgdev/ansiblehands/tomcat/apache-tomcat-8.5.27/webapps/manager]
23-Apr-2019 19:54:26.402 INFO [localhost-startStop-1] org.apache.catalina.startup.HostConfig.deployDirectory Deployment of web application directory [/home/osgdev/ansiblehands/tomcat/apache-tomcat-8.5.27/webapps/manager] has finished in [60] ms
23-Apr-2019 19:54:26.402 INFO [localhost-startStop-1] org.apache.catalina.startup.HostConfig.deployDirectory Deploying web application directory [/home/osgdev/ansiblehands/tomcat/apache-tomcat-8.5.27/webapps/host-manager]
23-Apr-2019 19:54:26.464 INFO [localhost-startStop-1] org.apache.catalina.startup.HostConfig.deployDirectory Deployment of web application directory [/home/osgdev/ansiblehands/tomcat/apache-tomcat-8.5.27/webapps/host-manager] has finished in [62] ms
23-Apr-2019 19:54:26.470 INFO [localhost-startStop-1] org.apache.catalina.startup.HostConfig.deployDirectory Deploying web application directory [/home/osgdev/ansiblehands/tomcat/apache-tomcat-8.5.27/webapps/ROOT]
23-Apr-2019 19:54:26.555 INFO [localhost-startStop-1] org.apache.catalina.startup.HostConfig.deployDirectory Deployment of web application directory [/home/osgdev/ansiblehands/tomcat/apache-tomcat-8.5.27/webapps/ROOT] has finished in [85] ms
23-Apr-2019 19:54:26.577 INFO [main] org.apache.catalina.startup.Catalina.start Server startup in 4489 ms
23-Apr-2019 19:54:26.585 SEVERE [main] org.apache.catalina.core.StandardServer.await StandardServer.await: create[localhost:8005]: 
 java.net.BindException: Address already in use (Bind failed)
	at java.net.PlainSocketImpl.socketBind(Native Method)
	at java.net.AbstractPlainSocketImpl.bind(AbstractPlainSocketImpl.java:387)
	at java.net.ServerSocket.bind(ServerSocket.java:375)
	at java.net.ServerSocket.<init>(ServerSocket.java:237)
	at org.apache.catalina.core.StandardServer.await(StandardServer.java:441)
	at org.apache.catalina.startup.Catalina.await(Catalina.java:758)
	at org.apache.catalina.startup.Catalina.start(Catalina.java:704)
	at sun.reflect.NativeMethodAccessorImpl.invoke0(Native Method)
	at sun.reflect.NativeMethodAccessorImpl.invoke(NativeMethodAccessorImpl.java:62)
	at sun.reflect.DelegatingMethodAccessorImpl.invoke(DelegatingMethodAccessorImpl.java:43)
	at java.lang.reflect.Method.invoke(Method.java:498)
	at org.apache.catalina.startup.Bootstrap.start(Bootstrap.java:353)
	at org.apache.catalina.startup.Bootstrap.main(Bootstrap.java:493)

23-Apr-2019 19:54:26.604 INFO [main] org.apache.coyote.AbstractProtocol.pause Pausing ProtocolHandler ["http-nio-8000"]
23-Apr-2019 19:54:26.605 INFO [main] org.apache.coyote.AbstractProtocol.pause Pausing ProtocolHandler ["ajp-nio-8009"]
23-Apr-2019 19:54:26.606 INFO [main] org.apache.catalina.core.StandardService.stopInternal Stopping service [Catalina]
23-Apr-2019 19:54:26.884 INFO [main] org.apache.coyote.AbstractProtocol.stop Stopping ProtocolHandler ["http-nio-8000"]
23-Apr-2019 19:54:26.884 INFO [main] org.apache.coyote.AbstractProtocol.destroy Destroying ProtocolHandler ["http-nio-8000"]
23-Apr-2019 19:54:26.885 INFO [main] org.apache.coyote.AbstractProtocol.stop Stopping ProtocolHandler ["ajp-nio-8009"]
23-Apr-2019 19:54:26.885 INFO [main] org.apache.coyote.AbstractProtocol.destroy Destroying ProtocolHandler ["ajp-nio-8009"]
23-Apr-2019 20:09:26.381 INFO [main] org.apache.catalina.startup.VersionLoggerListener.log Server version:        Apache Tomcat/8.5.27
23-Apr-2019 20:09:26.384 INFO [main] org.apache.catalina.startup.VersionLoggerListener.log Server built:          Jan 18 2018 20:12:40 UTC
23-Apr-2019 20:09:26.384 INFO [main] org.apache.catalina.startup.VersionLoggerListener.log Server number:         8.5.27.0
23-Apr-2019 20:09:26.384 INFO [main] org.apache.catalina.startup.VersionLoggerListener.log OS Name:               Linux
23-Apr-2019 20:09:26.384 INFO [main] org.apache.catalina.startup.VersionLoggerListener.log OS Version:            4.4.0-112-generic
23-Apr-2019 20:09:26.385 INFO [main] org.apache.catalina.startup.VersionLoggerListener.log Architecture:          amd64
23-Apr-2019 20:09:26.385 INFO [main] org.apache.catalina.startup.VersionLoggerListener.log Java Home:             /usr/java/jdk1.8.0_162/jre
23-Apr-2019 20:09:26.385 INFO [main] org.apache.catalina.startup.VersionLoggerListener.log JVM Version:           1.8.0_162-b12
23-Apr-2019 20:09:26.385 INFO [main] org.apache.catalina.startup.VersionLoggerListener.log JVM Vendor:            Oracle Corporation
23-Apr-2019 20:09:26.385 INFO [main] org.apache.catalina.startup.VersionLoggerListener.log CATALINA_BASE:         /home/osgdev/ansiblehands/tomcat/apache-tomcat-8.5.27
23-Apr-2019 20:09:26.391 INFO [main] org.apache.catalina.startup.VersionLoggerListener.log CATALINA_HOME:         /home/osgdev/ansiblehands/tomcat/apache-tomcat-8.5.27
23-Apr-2019 20:09:26.392 INFO [main] org.apache.catalina.startup.VersionLoggerListener.log Command line argument: -Djava.util.logging.config.file=/home/osgdev/ansiblehands/tomcat/apache-tomcat-8.5.27/conf/logging.properties
23-Apr-2019 20:09:26.392 INFO [main] org.apache.catalina.startup.VersionLoggerListener.log Command line argument: -Djava.util.logging.manager=org.apache.juli.ClassLoaderLogManager
23-Apr-2019 20:09:26.392 INFO [main] org.apache.catalina.startup.VersionLoggerListener.log Command line argument: -Djdk.tls.ephemeralDHKeySize=2048
23-Apr-2019 20:09:26.392 INFO [main] org.apache.catalina.startup.VersionLoggerListener.log Command line argument: -Djava.protocol.handler.pkgs=org.apache.catalina.webresources
23-Apr-2019 20:09:26.392 INFO [main] org.apache.catalina.startup.VersionLoggerListener.log Command line argument: -Dignore.endorsed.dirs=
23-Apr-2019 20:09:26.392 INFO [main] org.apache.catalina.startup.VersionLoggerListener.log Command line argument: -Dcatalina.base=/home/osgdev/ansiblehands/tomcat/apache-tomcat-8.5.27
23-Apr-2019 20:09:26.392 INFO [main] org.apache.catalina.startup.VersionLoggerListener.log Command line argument: -Dcatalina.home=/home/osgdev/ansiblehands/tomcat/apache-tomcat-8.5.27
23-Apr-2019 20:09:26.392 INFO [main] org.apache.catalina.startup.VersionLoggerListener.log Command line argument: -Djava.io.tmpdir=/home/osgdev/ansiblehands/tomcat/apache-tomcat-8.5.27/temp
23-Apr-2019 20:09:26.392 INFO [main] org.apache.catalina.core.AprLifecycleListener.lifecycleEvent The APR based Apache Tomcat Native library which allows optimal performance in production environments was not found on the java.library.path: [/usr/java/packages/lib/amd64:/usr/lib64:/lib64:/lib:/usr/lib]
23-Apr-2019 20:09:26.955 INFO [main] org.apache.coyote.AbstractProtocol.init Initializing ProtocolHandler ["http-nio-8000"]
23-Apr-2019 20:09:26.987 SEVERE [main] org.apache.catalina.core.StandardService.initInternal Failed to initialize connector [Connector[HTTP/1.1-8000]]
 org.apache.catalina.LifecycleException: Failed to initialize component [Connector[HTTP/1.1-8000]]
	at org.apache.catalina.util.LifecycleBase.init(LifecycleBase.java:113)
	at org.apache.catalina.core.StandardService.initInternal(StandardService.java:549)
	at org.apache.catalina.util.LifecycleBase.init(LifecycleBase.java:107)
	at org.apache.catalina.core.StandardServer.initInternal(StandardServer.java:875)
	at org.apache.catalina.util.LifecycleBase.init(LifecycleBase.java:107)
	at org.apache.catalina.startup.Catalina.load(Catalina.java:621)
	at org.apache.catalina.startup.Catalina.load(Catalina.java:644)
	at sun.reflect.NativeMethodAccessorImpl.invoke0(Native Method)
	at sun.reflect.NativeMethodAccessorImpl.invoke(NativeMethodAccessorImpl.java:62)
	at sun.reflect.DelegatingMethodAccessorImpl.invoke(DelegatingMethodAccessorImpl.java:43)
	at java.lang.reflect.Method.invoke(Method.java:498)
	at org.apache.catalina.startup.Bootstrap.load(Bootstrap.java:309)
	at org.apache.catalina.startup.Bootstrap.main(Bootstrap.java:492)
Caused by: org.apache.catalina.LifecycleException: Protocol handler initialization failed
	at org.apache.catalina.connector.Connector.initInternal(Connector.java:996)
	at org.apache.catalina.util.LifecycleBase.init(LifecycleBase.java:107)
	... 12 more
Caused by: java.net.BindException: Address already in use
	at sun.nio.ch.Net.bind0(Native Method)
	at sun.nio.ch.Net.bind(Net.java:433)
	at sun.nio.ch.Net.bind(Net.java:425)
	at sun.nio.ch.ServerSocketChannelImpl.bind(ServerSocketChannelImpl.java:223)
	at sun.nio.ch.ServerSocketAdaptor.bind(ServerSocketAdaptor.java:74)
	at org.apache.tomcat.util.net.NioEndpoint.bind(NioEndpoint.java:210)
	at org.apache.tomcat.util.net.AbstractEndpoint.init(AbstractEndpoint.java:1086)
	at org.apache.tomcat.util.net.AbstractJsseEndpoint.init(AbstractJsseEndpoint.java:268)
	at org.apache.coyote.AbstractProtocol.init(AbstractProtocol.java:581)
	at org.apache.coyote.http11.AbstractHttp11Protocol.init(AbstractHttp11Protocol.java:68)
	at org.apache.catalina.connector.Connector.initInternal(Connector.java:993)
	... 13 more

23-Apr-2019 20:09:26.989 INFO [main] org.apache.coyote.AbstractProtocol.init Initializing ProtocolHandler ["ajp-nio-8009"]
23-Apr-2019 20:09:27.056 INFO [main] org.apache.tomcat.util.net.NioSelectorPool.getSharedSelector Using a shared selector for servlet write/read
23-Apr-2019 20:09:27.106 INFO [main] org.apache.catalina.startup.Catalina.load Initialization processed in 2160 ms
23-Apr-2019 20:09:27.216 INFO [main] org.apache.catalina.core.StandardService.startInternal Starting service [Catalina]
23-Apr-2019 20:09:27.216 INFO [main] org.apache.catalina.core.StandardEngine.startInternal Starting Servlet Engine: Apache Tomcat/8.5.27
23-Apr-2019 20:09:27.290 INFO [localhost-startStop-1] org.apache.catalina.startup.HostConfig.deployWAR Deploying web application archive [/home/osgdev/ansiblehands/tomcat/apache-tomcat-8.5.27/webapps/ILP-0.0.1-20190411.192309-16.war]
23-Apr-2019 20:09:29.974 INFO [localhost-startStop-1] org.apache.catalina.startup.HostConfig.deployWAR Deployment of web application archive [/home/osgdev/ansiblehands/tomcat/apache-tomcat-8.5.27/webapps/ILP-0.0.1-20190411.192309-16.war] has finished in [2,685] ms
23-Apr-2019 20:09:29.977 INFO [localhost-startStop-1] org.apache.catalina.startup.HostConfig.deployDirectory Deploying web application directory [/home/osgdev/ansiblehands/tomcat/apache-tomcat-8.5.27/webapps/examples]
23-Apr-2019 20:09:30.868 INFO [localhost-startStop-1] org.apache.catalina.startup.HostConfig.deployDirectory Deployment of web application directory [/home/osgdev/ansiblehands/tomcat/apache-tomcat-8.5.27/webapps/examples] has finished in [890] ms
23-Apr-2019 20:09:30.874 INFO [localhost-startStop-1] org.apache.catalina.startup.HostConfig.deployDirectory Deploying web application directory [/home/osgdev/ansiblehands/tomcat/apache-tomcat-8.5.27/webapps/docs]
23-Apr-2019 20:09:30.940 INFO [localhost-startStop-1] org.apache.catalina.startup.HostConfig.deployDirectory Deployment of web application directory [/home/osgdev/ansiblehands/tomcat/apache-tomcat-8.5.27/webapps/docs] has finished in [65] ms
23-Apr-2019 20:09:30.940 INFO [localhost-startStop-1] org.apache.catalina.startup.HostConfig.deployDirectory Deploying web application directory [/home/osgdev/ansiblehands/tomcat/apache-tomcat-8.5.27/webapps/manager]
23-Apr-2019 20:09:31.009 INFO [localhost-startStop-1] org.apache.catalina.startup.HostConfig.deployDirectory Deployment of web application directory [/home/osgdev/ansiblehands/tomcat/apache-tomcat-8.5.27/webapps/manager] has finished in [69] ms
23-Apr-2019 20:09:31.011 INFO [localhost-startStop-1] org.apache.catalina.startup.HostConfig.deployDirectory Deploying web application directory [/home/osgdev/ansiblehands/tomcat/apache-tomcat-8.5.27/webapps/host-manager]
23-Apr-2019 20:09:31.139 INFO [localhost-startStop-1] org.apache.catalina.startup.HostConfig.deployDirectory Deployment of web application directory [/home/osgdev/ansiblehands/tomcat/apache-tomcat-8.5.27/webapps/host-manager] has finished in [128] ms
23-Apr-2019 20:09:31.140 INFO [localhost-startStop-1] org.apache.catalina.startup.HostConfig.deployDirectory Deploying web application directory [/home/osgdev/ansiblehands/tomcat/apache-tomcat-8.5.27/webapps/ROOT]
23-Apr-2019 20:09:31.153 INFO [localhost-startStop-1] org.apache.catalina.startup.HostConfig.deployDirectory Deployment of web application directory [/home/osgdev/ansiblehands/tomcat/apache-tomcat-8.5.27/webapps/ROOT] has finished in [13] ms
23-Apr-2019 20:09:31.170 INFO [main] org.apache.coyote.AbstractProtocol.start Starting ProtocolHandler ["ajp-nio-8009"]
23-Apr-2019 20:09:31.239 INFO [main] org.apache.catalina.startup.Catalina.start Server startup in 4132 ms
23-Apr-2019 20:09:31.241 SEVERE [main] org.apache.catalina.core.StandardServer.await StandardServer.await: create[localhost:8005]: 
 java.net.BindException: Address already in use (Bind failed)
	at java.net.PlainSocketImpl.socketBind(Native Method)
	at java.net.AbstractPlainSocketImpl.bind(AbstractPlainSocketImpl.java:387)
	at java.net.ServerSocket.bind(ServerSocket.java:375)
	at java.net.ServerSocket.<init>(ServerSocket.java:237)
	at org.apache.catalina.core.StandardServer.await(StandardServer.java:441)
	at org.apache.catalina.startup.Catalina.await(Catalina.java:758)
	at org.apache.catalina.startup.Catalina.start(Catalina.java:704)
	at sun.reflect.NativeMethodAccessorImpl.invoke0(Native Method)
	at sun.reflect.NativeMethodAccessorImpl.invoke(NativeMethodAccessorImpl.java:62)
	at sun.reflect.DelegatingMethodAccessorImpl.invoke(DelegatingMethodAccessorImpl.java:43)
	at java.lang.reflect.Method.invoke(Method.java:498)
	at org.apache.catalina.startup.Bootstrap.start(Bootstrap.java:353)
	at org.apache.catalina.startup.Bootstrap.main(Bootstrap.java:493)

23-Apr-2019 20:09:31.241 INFO [main] org.apache.coyote.AbstractProtocol.pause Pausing ProtocolHandler ["http-nio-8000"]
23-Apr-2019 20:09:31.241 INFO [main] org.apache.coyote.AbstractProtocol.pause Pausing ProtocolHandler ["ajp-nio-8009"]
23-Apr-2019 20:09:31.417 INFO [main] org.apache.catalina.core.StandardService.stopInternal Stopping service [Catalina]
23-Apr-2019 20:09:31.752 INFO [main] org.apache.coyote.AbstractProtocol.stop Stopping ProtocolHandler ["ajp-nio-8009"]
23-Apr-2019 20:09:31.795 INFO [main] org.apache.coyote.AbstractProtocol.stop Stopping ProtocolHandler ["http-nio-8000"]
23-Apr-2019 20:09:31.795 INFO [main] org.apache.coyote.AbstractProtocol.destroy Destroying ProtocolHandler ["http-nio-8000"]
23-Apr-2019 20:09:31.796 INFO [main] org.apache.coyote.AbstractProtocol.destroy Destroying ProtocolHandler ["ajp-nio-8009"]
23-Apr-2019 20:09:37.957 INFO [main] org.apache.catalina.core.StandardServer.await A valid shutdown command was received via the shutdown port. Stopping the Server instance.
23-Apr-2019 20:09:37.958 INFO [main] org.apache.coyote.AbstractProtocol.pause Pausing ProtocolHandler ["http-nio-8000"]
23-Apr-2019 20:09:38.013 INFO [main] org.apache.coyote.AbstractProtocol.pause Pausing ProtocolHandler ["ajp-nio-8009"]
23-Apr-2019 20:09:38.013 INFO [main] org.apache.catalina.core.StandardService.stopInternal Stopping service [Catalina]
23-Apr-2019 20:09:38.107 INFO [main] org.apache.coyote.AbstractProtocol.stop Stopping ProtocolHandler ["http-nio-8000"]
23-Apr-2019 20:09:38.146 INFO [main] org.apache.coyote.AbstractProtocol.destroy Destroying ProtocolHandler ["http-nio-8000"]
23-Apr-2019 20:09:38.155 INFO [main] org.apache.coyote.AbstractProtocol.stop Stopping ProtocolHandler ["ajp-nio-8009"]
23-Apr-2019 20:09:38.155 INFO [main] org.apache.coyote.AbstractProtocol.destroy Destroying ProtocolHandler ["ajp-nio-8009"]
23-Apr-2019 20:09:43.807 INFO [main] org.apache.catalina.startup.VersionLoggerListener.log Server version:        Apache Tomcat/8.5.27
23-Apr-2019 20:09:43.812 INFO [main] org.apache.catalina.startup.VersionLoggerListener.log Server built:          Jan 18 2018 20:12:40 UTC
23-Apr-2019 20:09:43.812 INFO [main] org.apache.catalina.startup.VersionLoggerListener.log Server number:         8.5.27.0
23-Apr-2019 20:09:43.812 INFO [main] org.apache.catalina.startup.VersionLoggerListener.log OS Name:               Linux
23-Apr-2019 20:09:43.812 INFO [main] org.apache.catalina.startup.VersionLoggerListener.log OS Version:            4.4.0-112-generic
23-Apr-2019 20:09:43.813 INFO [main] org.apache.catalina.startup.VersionLoggerListener.log Architecture:          amd64
23-Apr-2019 20:09:43.813 INFO [main] org.apache.catalina.startup.VersionLoggerListener.log Java Home:             /usr/java/jdk1.8.0_162/jre
23-Apr-2019 20:09:43.813 INFO [main] org.apache.catalina.startup.VersionLoggerListener.log JVM Version:           1.8.0_162-b12
23-Apr-2019 20:09:43.814 INFO [main] org.apache.catalina.startup.VersionLoggerListener.log JVM Vendor:            Oracle Corporation
23-Apr-2019 20:09:43.814 INFO [main] org.apache.catalina.startup.VersionLoggerListener.log CATALINA_BASE:         /home/osgdev/ansiblehands/tomcat/apache-tomcat-8.5.27
23-Apr-2019 20:09:43.814 INFO [main] org.apache.catalina.startup.VersionLoggerListener.log CATALINA_HOME:         /home/osgdev/ansiblehands/tomcat/apache-tomcat-8.5.27
23-Apr-2019 20:09:43.815 INFO [main] org.apache.catalina.startup.VersionLoggerListener.log Command line argument: -Djava.util.logging.config.file=/home/osgdev/ansiblehands/tomcat/apache-tomcat-8.5.27/conf/logging.properties
23-Apr-2019 20:09:43.816 INFO [main] org.apache.catalina.startup.VersionLoggerListener.log Command line argument: -Djava.util.logging.manager=org.apache.juli.ClassLoaderLogManager
23-Apr-2019 20:09:43.817 INFO [main] org.apache.catalina.startup.VersionLoggerListener.log Command line argument: -Djdk.tls.ephemeralDHKeySize=2048
23-Apr-2019 20:09:43.817 INFO [main] org.apache.catalina.startup.VersionLoggerListener.log Command line argument: -Djava.protocol.handler.pkgs=org.apache.catalina.webresources
23-Apr-2019 20:09:43.817 INFO [main] org.apache.catalina.startup.VersionLoggerListener.log Command line argument: -Dignore.endorsed.dirs=
23-Apr-2019 20:09:43.827 INFO [main] org.apache.catalina.startup.VersionLoggerListener.log Command line argument: -Dcatalina.base=/home/osgdev/ansiblehands/tomcat/apache-tomcat-8.5.27
23-Apr-2019 20:09:43.827 INFO [main] org.apache.catalina.startup.VersionLoggerListener.log Command line argument: -Dcatalina.home=/home/osgdev/ansiblehands/tomcat/apache-tomcat-8.5.27
23-Apr-2019 20:09:43.829 INFO [main] org.apache.catalina.startup.VersionLoggerListener.log Command line argument: -Djava.io.tmpdir=/home/osgdev/ansiblehands/tomcat/apache-tomcat-8.5.27/temp
23-Apr-2019 20:09:43.829 INFO [main] org.apache.catalina.core.AprLifecycleListener.lifecycleEvent The APR based Apache Tomcat Native library which allows optimal performance in production environments was not found on the java.library.path: [/usr/java/packages/lib/amd64:/usr/lib64:/lib64:/lib:/usr/lib]
23-Apr-2019 20:09:44.551 INFO [main] org.apache.coyote.AbstractProtocol.init Initializing ProtocolHandler ["http-nio-8000"]
23-Apr-2019 20:09:44.596 INFO [main] org.apache.tomcat.util.net.NioSelectorPool.getSharedSelector Using a shared selector for servlet write/read
23-Apr-2019 20:09:44.640 INFO [main] org.apache.coyote.AbstractProtocol.init Initializing ProtocolHandler ["ajp-nio-8009"]
23-Apr-2019 20:09:44.663 INFO [main] org.apache.tomcat.util.net.NioSelectorPool.getSharedSelector Using a shared selector for servlet write/read
23-Apr-2019 20:09:44.663 INFO [main] org.apache.catalina.startup.Catalina.load Initialization processed in 2342 ms
23-Apr-2019 20:09:44.832 INFO [main] org.apache.catalina.core.StandardService.startInternal Starting service [Catalina]
23-Apr-2019 20:09:44.833 INFO [main] org.apache.catalina.core.StandardEngine.startInternal Starting Servlet Engine: Apache Tomcat/8.5.27
23-Apr-2019 20:09:44.890 INFO [localhost-startStop-1] org.apache.catalina.startup.HostConfig.deployWAR Deploying web application archive [/home/osgdev/ansiblehands/tomcat/apache-tomcat-8.5.27/webapps/ILP-0.0.1-20190411.192309-16.war]
23-Apr-2019 20:09:46.756 INFO [localhost-startStop-1] org.apache.catalina.startup.HostConfig.deployWAR Deployment of web application archive [/home/osgdev/ansiblehands/tomcat/apache-tomcat-8.5.27/webapps/ILP-0.0.1-20190411.192309-16.war] has finished in [1,864] ms
23-Apr-2019 20:09:46.757 INFO [localhost-startStop-1] org.apache.catalina.startup.HostConfig.deployDirectory Deploying web application directory [/home/osgdev/ansiblehands/tomcat/apache-tomcat-8.5.27/webapps/examples]
23-Apr-2019 20:09:47.947 INFO [localhost-startStop-1] org.apache.catalina.startup.HostConfig.deployDirectory Deployment of web application directory [/home/osgdev/ansiblehands/tomcat/apache-tomcat-8.5.27/webapps/examples] has finished in [1,189] ms
23-Apr-2019 20:09:47.947 INFO [localhost-startStop-1] org.apache.catalina.startup.HostConfig.deployDirectory Deploying web application directory [/home/osgdev/ansiblehands/tomcat/apache-tomcat-8.5.27/webapps/docs]
23-Apr-2019 20:09:47.990 INFO [localhost-startStop-1] org.apache.catalina.startup.HostConfig.deployDirectory Deployment of web application directory [/home/osgdev/ansiblehands/tomcat/apache-tomcat-8.5.27/webapps/docs] has finished in [43] ms
23-Apr-2019 20:09:47.990 INFO [localhost-startStop-1] org.apache.catalina.startup.HostConfig.deployDirectory Deploying web application directory [/home/osgdev/ansiblehands/tomcat/apache-tomcat-8.5.27/webapps/manager]
23-Apr-2019 20:09:48.089 INFO [localhost-startStop-1] org.apache.catalina.startup.HostConfig.deployDirectory Deployment of web application directory [/home/osgdev/ansiblehands/tomcat/apache-tomcat-8.5.27/webapps/manager] has finished in [99] ms
23-Apr-2019 20:09:48.097 INFO [localhost-startStop-1] org.apache.catalina.startup.HostConfig.deployDirectory Deploying web application directory [/home/osgdev/ansiblehands/tomcat/apache-tomcat-8.5.27/webapps/host-manager]
23-Apr-2019 20:09:48.199 INFO [localhost-startStop-1] org.apache.catalina.startup.HostConfig.deployDirectory Deployment of web application directory [/home/osgdev/ansiblehands/tomcat/apache-tomcat-8.5.27/webapps/host-manager] has finished in [102] ms
23-Apr-2019 20:09:48.199 INFO [localhost-startStop-1] org.apache.catalina.startup.HostConfig.deployDirectory Deploying web application directory [/home/osgdev/ansiblehands/tomcat/apache-tomcat-8.5.27/webapps/ROOT]
23-Apr-2019 20:09:48.307 INFO [localhost-startStop-1] org.apache.catalina.startup.HostConfig.deployDirectory Deployment of web application directory [/home/osgdev/ansiblehands/tomcat/apache-tomcat-8.5.27/webapps/ROOT] has finished in [107] ms
23-Apr-2019 20:09:48.360 INFO [main] org.apache.coyote.AbstractProtocol.start Starting ProtocolHandler ["http-nio-8000"]
23-Apr-2019 20:09:48.379 INFO [main] org.apache.coyote.AbstractProtocol.start Starting ProtocolHandler ["ajp-nio-8009"]
23-Apr-2019 20:09:48.381 INFO [main] org.apache.catalina.startup.Catalina.start Server startup in 3718 ms
23-Apr-2019 20:13:31.133 INFO [main] org.apache.catalina.core.StandardServer.await A valid shutdown command was received via the shutdown port. Stopping the Server instance.
23-Apr-2019 20:13:31.134 INFO [main] org.apache.coyote.AbstractProtocol.pause Pausing ProtocolHandler ["http-nio-8000"]
23-Apr-2019 20:13:31.198 INFO [main] org.apache.coyote.AbstractProtocol.pause Pausing ProtocolHandler ["ajp-nio-8009"]
23-Apr-2019 20:13:31.250 INFO [main] org.apache.catalina.core.StandardService.stopInternal Stopping service [Catalina]
23-Apr-2019 20:13:31.488 INFO [main] org.apache.coyote.AbstractProtocol.stop Stopping ProtocolHandler ["http-nio-8000"]
23-Apr-2019 20:13:31.501 INFO [main] org.apache.coyote.AbstractProtocol.stop Stopping ProtocolHandler ["ajp-nio-8009"]
23-Apr-2019 20:13:31.508 INFO [main] org.apache.coyote.AbstractProtocol.destroy Destroying ProtocolHandler ["http-nio-8000"]
23-Apr-2019 20:13:31.509 INFO [main] org.apache.coyote.AbstractProtocol.destroy Destroying ProtocolHandler ["ajp-nio-8009"]
23-Apr-2019 20:13:41.245 INFO [main] org.apache.catalina.startup.VersionLoggerListener.log Server version:        Apache Tomcat/8.5.27
23-Apr-2019 20:13:41.260 INFO [main] org.apache.catalina.startup.VersionLoggerListener.log Server built:          Jan 18 2018 20:12:40 UTC
23-Apr-2019 20:13:41.260 INFO [main] org.apache.catalina.startup.VersionLoggerListener.log Server number:         8.5.27.0
23-Apr-2019 20:13:41.266 INFO [main] org.apache.catalina.startup.VersionLoggerListener.log OS Name:               Linux
23-Apr-2019 20:13:41.267 INFO [main] org.apache.catalina.startup.VersionLoggerListener.log OS Version:            4.4.0-112-generic
23-Apr-2019 20:13:41.267 INFO [main] org.apache.catalina.startup.VersionLoggerListener.log Architecture:          amd64
23-Apr-2019 20:13:41.267 INFO [main] org.apache.catalina.startup.VersionLoggerListener.log Java Home:             /usr/java/jdk1.8.0_162/jre
23-Apr-2019 20:13:41.271 INFO [main] org.apache.catalina.startup.VersionLoggerListener.log JVM Version:           1.8.0_162-b12
23-Apr-2019 20:13:41.289 INFO [main] org.apache.catalina.startup.VersionLoggerListener.log JVM Vendor:            Oracle Corporation
23-Apr-2019 20:13:41.289 INFO [main] org.apache.catalina.startup.VersionLoggerListener.log CATALINA_BASE:         /home/osgdev/ansiblehands/tomcat/apache-tomcat-8.5.27
23-Apr-2019 20:13:41.289 INFO [main] org.apache.catalina.startup.VersionLoggerListener.log CATALINA_HOME:         /home/osgdev/ansiblehands/tomcat/apache-tomcat-8.5.27
23-Apr-2019 20:13:41.295 INFO [main] org.apache.catalina.startup.VersionLoggerListener.log Command line argument: -Djava.util.logging.config.file=/home/osgdev/ansiblehands/tomcat/apache-tomcat-8.5.27/conf/logging.properties
23-Apr-2019 20:13:41.298 INFO [main] org.apache.catalina.startup.VersionLoggerListener.log Command line argument: -Djava.util.logging.manager=org.apache.juli.ClassLoaderLogManager
23-Apr-2019 20:13:41.298 INFO [main] org.apache.catalina.startup.VersionLoggerListener.log Command line argument: -Djdk.tls.ephemeralDHKeySize=2048
23-Apr-2019 20:13:41.299 INFO [main] org.apache.catalina.startup.VersionLoggerListener.log Command line argument: -Djava.protocol.handler.pkgs=org.apache.catalina.webresources
23-Apr-2019 20:13:41.299 INFO [main] org.apache.catalina.startup.VersionLoggerListener.log Command line argument: -Dignore.endorsed.dirs=
23-Apr-2019 20:13:41.300 INFO [main] org.apache.catalina.startup.VersionLoggerListener.log Command line argument: -Dcatalina.base=/home/osgdev/ansiblehands/tomcat/apache-tomcat-8.5.27
23-Apr-2019 20:13:41.300 INFO [main] org.apache.catalina.startup.VersionLoggerListener.log Command line argument: -Dcatalina.home=/home/osgdev/ansiblehands/tomcat/apache-tomcat-8.5.27
23-Apr-2019 20:13:41.301 INFO [main] org.apache.catalina.startup.VersionLoggerListener.log Command line argument: -Djava.io.tmpdir=/home/osgdev/ansiblehands/tomcat/apache-tomcat-8.5.27/temp
23-Apr-2019 20:13:41.301 INFO [main] org.apache.catalina.core.AprLifecycleListener.lifecycleEvent The APR based Apache Tomcat Native library which allows optimal performance in production environments was not found on the java.library.path: [/usr/java/packages/lib/amd64:/usr/lib64:/lib64:/lib:/usr/lib]
23-Apr-2019 20:13:41.981 INFO [main] org.apache.coyote.AbstractProtocol.init Initializing ProtocolHandler ["http-nio-8000"]
23-Apr-2019 20:13:42.004 INFO [main] org.apache.tomcat.util.net.NioSelectorPool.getSharedSelector Using a shared selector for servlet write/read
23-Apr-2019 20:13:42.019 INFO [main] org.apache.coyote.AbstractProtocol.init Initializing ProtocolHandler ["ajp-nio-8009"]
23-Apr-2019 20:13:42.021 INFO [main] org.apache.tomcat.util.net.NioSelectorPool.getSharedSelector Using a shared selector for servlet write/read
23-Apr-2019 20:13:42.021 INFO [main] org.apache.catalina.startup.Catalina.load Initialization processed in 2471 ms
23-Apr-2019 20:13:42.104 INFO [main] org.apache.catalina.core.StandardService.startInternal Starting service [Catalina]
23-Apr-2019 20:13:42.108 INFO [main] org.apache.catalina.core.StandardEngine.startInternal Starting Servlet Engine: Apache Tomcat/8.5.27
23-Apr-2019 20:13:42.260 INFO [localhost-startStop-1] org.apache.catalina.startup.HostConfig.deployWAR Deploying web application archive [/home/osgdev/ansiblehands/tomcat/apache-tomcat-8.5.27/webapps/ILP-0.0.1-20190411.192309-16.war]
23-Apr-2019 20:13:44.536 INFO [localhost-startStop-1] org.apache.catalina.startup.HostConfig.deployWAR Deployment of web application archive [/home/osgdev/ansiblehands/tomcat/apache-tomcat-8.5.27/webapps/ILP-0.0.1-20190411.192309-16.war] has finished in [2,276] ms
23-Apr-2019 20:13:44.551 INFO [localhost-startStop-1] org.apache.catalina.startup.HostConfig.deployDirectory Deploying web application directory [/home/osgdev/ansiblehands/tomcat/apache-tomcat-8.5.27/webapps/examples]
23-Apr-2019 20:13:45.165 INFO [localhost-startStop-1] org.apache.catalina.startup.HostConfig.deployDirectory Deployment of web application directory [/home/osgdev/ansiblehands/tomcat/apache-tomcat-8.5.27/webapps/examples] has finished in [614] ms
23-Apr-2019 20:13:45.166 INFO [localhost-startStop-1] org.apache.catalina.startup.HostConfig.deployDirectory Deploying web application directory [/home/osgdev/ansiblehands/tomcat/apache-tomcat-8.5.27/webapps/docs]
23-Apr-2019 20:13:45.193 INFO [localhost-startStop-1] org.apache.catalina.startup.HostConfig.deployDirectory Deployment of web application directory [/home/osgdev/ansiblehands/tomcat/apache-tomcat-8.5.27/webapps/docs] has finished in [27] ms
23-Apr-2019 20:13:45.193 INFO [localhost-startStop-1] org.apache.catalina.startup.HostConfig.deployDirectory Deploying web application directory [/home/osgdev/ansiblehands/tomcat/apache-tomcat-8.5.27/webapps/manager]
23-Apr-2019 20:13:45.252 INFO [localhost-startStop-1] org.apache.catalina.startup.HostConfig.deployDirectory Deployment of web application directory [/home/osgdev/ansiblehands/tomcat/apache-tomcat-8.5.27/webapps/manager] has finished in [58] ms
23-Apr-2019 20:13:45.256 INFO [localhost-startStop-1] org.apache.catalina.startup.HostConfig.deployDirectory Deploying web application directory [/home/osgdev/ansiblehands/tomcat/apache-tomcat-8.5.27/webapps/host-manager]
23-Apr-2019 20:13:45.314 INFO [localhost-startStop-1] org.apache.catalina.startup.HostConfig.deployDirectory Deployment of web application directory [/home/osgdev/ansiblehands/tomcat/apache-tomcat-8.5.27/webapps/host-manager] has finished in [57] ms
23-Apr-2019 20:13:45.314 INFO [localhost-startStop-1] org.apache.catalina.startup.HostConfig.deployDirectory Deploying web application directory [/home/osgdev/ansiblehands/tomcat/apache-tomcat-8.5.27/webapps/ROOT]
23-Apr-2019 20:13:45.341 INFO [localhost-startStop-1] org.apache.catalina.startup.HostConfig.deployDirectory Deployment of web application directory [/home/osgdev/ansiblehands/tomcat/apache-tomcat-8.5.27/webapps/ROOT] has finished in [27] ms
23-Apr-2019 20:13:45.399 INFO [main] org.apache.coyote.AbstractProtocol.start Starting ProtocolHandler ["http-nio-8000"]
23-Apr-2019 20:13:45.502 INFO [main] org.apache.coyote.AbstractProtocol.start Starting ProtocolHandler ["ajp-nio-8009"]
23-Apr-2019 20:13:45.507 INFO [main] org.apache.catalina.startup.Catalina.start Server startup in 3485 ms
23-Apr-2019 21:37:59.820 INFO [main] org.apache.catalina.startup.VersionLoggerListener.log Server version:        Apache Tomcat/8.5.27
23-Apr-2019 21:37:59.904 INFO [main] org.apache.catalina.startup.VersionLoggerListener.log Server built:          Jan 18 2018 20:12:40 UTC
23-Apr-2019 21:37:59.904 INFO [main] org.apache.catalina.startup.VersionLoggerListener.log Server number:         8.5.27.0
23-Apr-2019 21:37:59.904 INFO [main] org.apache.catalina.startup.VersionLoggerListener.log OS Name:               Linux
23-Apr-2019 21:37:59.904 INFO [main] org.apache.catalina.startup.VersionLoggerListener.log OS Version:            4.4.0-112-generic
23-Apr-2019 21:37:59.904 INFO [main] org.apache.catalina.startup.VersionLoggerListener.log Architecture:          amd64
23-Apr-2019 21:37:59.905 INFO [main] org.apache.catalina.startup.VersionLoggerListener.log Java Home:             /usr/java/jdk1.8.0_162/jre
23-Apr-2019 21:37:59.905 INFO [main] org.apache.catalina.startup.VersionLoggerListener.log JVM Version:           1.8.0_162-b12
23-Apr-2019 21:37:59.905 INFO [main] org.apache.catalina.startup.VersionLoggerListener.log JVM Vendor:            Oracle Corporation
23-Apr-2019 21:37:59.905 INFO [main] org.apache.catalina.startup.VersionLoggerListener.log CATALINA_BASE:         /home/osgdev/ansiblehands/tomcat/apache-tomcat-8.5.27
23-Apr-2019 21:37:59.905 INFO [main] org.apache.catalina.startup.VersionLoggerListener.log CATALINA_HOME:         /home/osgdev/ansiblehands/tomcat/apache-tomcat-8.5.27
23-Apr-2019 21:37:59.906 INFO [main] org.apache.catalina.startup.VersionLoggerListener.log Command line argument: -Djava.util.logging.config.file=/home/osgdev/ansiblehands/tomcat/apache-tomcat-8.5.27/conf/logging.properties
23-Apr-2019 21:37:59.906 INFO [main] org.apache.catalina.startup.VersionLoggerListener.log Command line argument: -Djava.util.logging.manager=org.apache.juli.ClassLoaderLogManager
23-Apr-2019 21:37:59.906 INFO [main] org.apache.catalina.startup.VersionLoggerListener.log Command line argument: -Djdk.tls.ephemeralDHKeySize=2048
23-Apr-2019 21:37:59.906 INFO [main] org.apache.catalina.startup.VersionLoggerListener.log Command line argument: -Djava.protocol.handler.pkgs=org.apache.catalina.webresources
23-Apr-2019 21:37:59.906 INFO [main] org.apache.catalina.startup.VersionLoggerListener.log Command line argument: -Dignore.endorsed.dirs=
23-Apr-2019 21:37:59.906 INFO [main] org.apache.catalina.startup.VersionLoggerListener.log Command line argument: -Dcatalina.base=/home/osgdev/ansiblehands/tomcat/apache-tomcat-8.5.27
23-Apr-2019 21:37:59.906 INFO [main] org.apache.catalina.startup.VersionLoggerListener.log Command line argument: -Dcatalina.home=/home/osgdev/ansiblehands/tomcat/apache-tomcat-8.5.27
23-Apr-2019 21:37:59.906 INFO [main] org.apache.catalina.startup.VersionLoggerListener.log Command line argument: -Djava.io.tmpdir=/home/osgdev/ansiblehands/tomcat/apache-tomcat-8.5.27/temp
23-Apr-2019 21:37:59.906 INFO [main] org.apache.catalina.core.AprLifecycleListener.lifecycleEvent The APR based Apache Tomcat Native library which allows optimal performance in production environments was not found on the java.library.path: [/usr/java/packages/lib/amd64:/usr/lib64:/lib64:/lib:/usr/lib]
23-Apr-2019 21:38:01.051 INFO [main] org.apache.coyote.AbstractProtocol.init Initializing ProtocolHandler ["http-nio-8000"]
23-Apr-2019 21:38:01.165 SEVERE [main] org.apache.catalina.core.StandardService.initInternal Failed to initialize connector [Connector[HTTP/1.1-8000]]
 org.apache.catalina.LifecycleException: Failed to initialize component [Connector[HTTP/1.1-8000]]
	at org.apache.catalina.util.LifecycleBase.init(LifecycleBase.java:113)
	at org.apache.catalina.core.StandardService.initInternal(StandardService.java:549)
	at org.apache.catalina.util.LifecycleBase.init(LifecycleBase.java:107)
	at org.apache.catalina.core.StandardServer.initInternal(StandardServer.java:875)
	at org.apache.catalina.util.LifecycleBase.init(LifecycleBase.java:107)
	at org.apache.catalina.startup.Catalina.load(Catalina.java:621)
	at org.apache.catalina.startup.Catalina.load(Catalina.java:644)
	at sun.reflect.NativeMethodAccessorImpl.invoke0(Native Method)
	at sun.reflect.NativeMethodAccessorImpl.invoke(NativeMethodAccessorImpl.java:62)
	at sun.reflect.DelegatingMethodAccessorImpl.invoke(DelegatingMethodAccessorImpl.java:43)
	at java.lang.reflect.Method.invoke(Method.java:498)
	at org.apache.catalina.startup.Bootstrap.load(Bootstrap.java:309)
	at org.apache.catalina.startup.Bootstrap.main(Bootstrap.java:492)
Caused by: org.apache.catalina.LifecycleException: Protocol handler initialization failed
	at org.apache.catalina.connector.Connector.initInternal(Connector.java:996)
	at org.apache.catalina.util.LifecycleBase.init(LifecycleBase.java:107)
	... 12 more
Caused by: java.net.BindException: Address already in use
	at sun.nio.ch.Net.bind0(Native Method)
	at sun.nio.ch.Net.bind(Net.java:433)
	at sun.nio.ch.Net.bind(Net.java:425)
	at sun.nio.ch.ServerSocketChannelImpl.bind(ServerSocketChannelImpl.java:223)
	at sun.nio.ch.ServerSocketAdaptor.bind(ServerSocketAdaptor.java:74)
	at org.apache.tomcat.util.net.NioEndpoint.bind(NioEndpoint.java:210)
	at org.apache.tomcat.util.net.AbstractEndpoint.init(AbstractEndpoint.java:1086)
	at org.apache.tomcat.util.net.AbstractJsseEndpoint.init(AbstractJsseEndpoint.java:268)
	at org.apache.coyote.AbstractProtocol.init(AbstractProtocol.java:581)
	at org.apache.coyote.http11.AbstractHttp11Protocol.init(AbstractHttp11Protocol.java:68)
	at org.apache.catalina.connector.Connector.initInternal(Connector.java:993)
	... 13 more

23-Apr-2019 21:38:01.174 INFO [main] org.apache.coyote.AbstractProtocol.init Initializing ProtocolHandler ["ajp-nio-8009"]
23-Apr-2019 21:38:01.179 SEVERE [main] org.apache.catalina.core.StandardService.initInternal Failed to initialize connector [Connector[AJP/1.3-8009]]
 org.apache.catalina.LifecycleException: Failed to initialize component [Connector[AJP/1.3-8009]]
	at org.apache.catalina.util.LifecycleBase.init(LifecycleBase.java:113)
	at org.apache.catalina.core.StandardService.initInternal(StandardService.java:549)
	at org.apache.catalina.util.LifecycleBase.init(LifecycleBase.java:107)
	at org.apache.catalina.core.StandardServer.initInternal(StandardServer.java:875)
	at org.apache.catalina.util.LifecycleBase.init(LifecycleBase.java:107)
	at org.apache.catalina.startup.Catalina.load(Catalina.java:621)
	at org.apache.catalina.startup.Catalina.load(Catalina.java:644)
	at sun.reflect.NativeMethodAccessorImpl.invoke0(Native Method)
	at sun.reflect.NativeMethodAccessorImpl.invoke(NativeMethodAccessorImpl.java:62)
	at sun.reflect.DelegatingMethodAccessorImpl.invoke(DelegatingMethodAccessorImpl.java:43)
	at java.lang.reflect.Method.invoke(Method.java:498)
	at org.apache.catalina.startup.Bootstrap.load(Bootstrap.java:309)
	at org.apache.catalina.startup.Bootstrap.main(Bootstrap.java:492)
Caused by: org.apache.catalina.LifecycleException: Protocol handler initialization failed
	at org.apache.catalina.connector.Connector.initInternal(Connector.java:996)
	at org.apache.catalina.util.LifecycleBase.init(LifecycleBase.java:107)
	... 12 more
Caused by: java.net.BindException: Address already in use
	at sun.nio.ch.Net.bind0(Native Method)
	at sun.nio.ch.Net.bind(Net.java:433)
	at sun.nio.ch.Net.bind(Net.java:425)
	at sun.nio.ch.ServerSocketChannelImpl.bind(ServerSocketChannelImpl.java:223)
	at sun.nio.ch.ServerSocketAdaptor.bind(ServerSocketAdaptor.java:74)
	at org.apache.tomcat.util.net.NioEndpoint.bind(NioEndpoint.java:210)
	at org.apache.tomcat.util.net.AbstractEndpoint.init(AbstractEndpoint.java:1086)
	at org.apache.tomcat.util.net.AbstractJsseEndpoint.init(AbstractJsseEndpoint.java:268)
	at org.apache.coyote.AbstractProtocol.init(AbstractProtocol.java:581)
	at org.apache.catalina.connector.Connector.initInternal(Connector.java:993)
	... 13 more

23-Apr-2019 21:38:01.184 INFO [main] org.apache.catalina.startup.Catalina.load Initialization processed in 4156 ms
23-Apr-2019 21:38:01.233 INFO [main] org.apache.catalina.core.StandardService.startInternal Starting service [Catalina]
23-Apr-2019 21:38:01.234 INFO [main] org.apache.catalina.core.StandardEngine.startInternal Starting Servlet Engine: Apache Tomcat/8.5.27
23-Apr-2019 21:38:01.296 INFO [localhost-startStop-1] org.apache.catalina.startup.HostConfig.deployWAR Deploying web application archive [/home/osgdev/ansiblehands/tomcat/apache-tomcat-8.5.27/webapps/ILP-0.0.1-20190411.192309-16.war]
23-Apr-2019 21:38:04.432 INFO [localhost-startStop-1] org.apache.catalina.startup.HostConfig.deployWAR Deployment of web application archive [/home/osgdev/ansiblehands/tomcat/apache-tomcat-8.5.27/webapps/ILP-0.0.1-20190411.192309-16.war] has finished in [3,133] ms
23-Apr-2019 21:38:04.450 INFO [localhost-startStop-1] org.apache.catalina.startup.HostConfig.deployDirectory Deploying web application directory [/home/osgdev/ansiblehands/tomcat/apache-tomcat-8.5.27/webapps/examples]
23-Apr-2019 21:38:05.473 INFO [localhost-startStop-1] org.apache.catalina.startup.HostConfig.deployDirectory Deployment of web application directory [/home/osgdev/ansiblehands/tomcat/apache-tomcat-8.5.27/webapps/examples] has finished in [1,018] ms
23-Apr-2019 21:38:05.473 INFO [localhost-startStop-1] org.apache.catalina.startup.HostConfig.deployDirectory Deploying web application directory [/home/osgdev/ansiblehands/tomcat/apache-tomcat-8.5.27/webapps/docs]
23-Apr-2019 21:38:05.521 INFO [localhost-startStop-1] org.apache.catalina.startup.HostConfig.deployDirectory Deployment of web application directory [/home/osgdev/ansiblehands/tomcat/apache-tomcat-8.5.27/webapps/docs] has finished in [47] ms
23-Apr-2019 21:38:05.521 INFO [localhost-startStop-1] org.apache.catalina.startup.HostConfig.deployDirectory Deploying web application directory [/home/osgdev/ansiblehands/tomcat/apache-tomcat-8.5.27/webapps/manager]
23-Apr-2019 21:38:05.752 INFO [localhost-startStop-1] org.apache.catalina.startup.HostConfig.deployDirectory Deployment of web application directory [/home/osgdev/ansiblehands/tomcat/apache-tomcat-8.5.27/webapps/manager] has finished in [231] ms
23-Apr-2019 21:38:05.753 INFO [localhost-startStop-1] org.apache.catalina.startup.HostConfig.deployDirectory Deploying web application directory [/home/osgdev/ansiblehands/tomcat/apache-tomcat-8.5.27/webapps/host-manager]
23-Apr-2019 21:38:05.840 INFO [localhost-startStop-1] org.apache.catalina.startup.HostConfig.deployDirectory Deployment of web application directory [/home/osgdev/ansiblehands/tomcat/apache-tomcat-8.5.27/webapps/host-manager] has finished in [86] ms
23-Apr-2019 21:38:05.840 INFO [localhost-startStop-1] org.apache.catalina.startup.HostConfig.deployDirectory Deploying web application directory [/home/osgdev/ansiblehands/tomcat/apache-tomcat-8.5.27/webapps/ROOT]
23-Apr-2019 21:38:05.905 INFO [localhost-startStop-1] org.apache.catalina.startup.HostConfig.deployDirectory Deployment of web application directory [/home/osgdev/ansiblehands/tomcat/apache-tomcat-8.5.27/webapps/ROOT] has finished in [65] ms
23-Apr-2019 21:38:05.931 INFO [main] org.apache.catalina.startup.Catalina.start Server startup in 4746 ms
23-Apr-2019 21:38:05.933 SEVERE [main] org.apache.catalina.core.StandardServer.await StandardServer.await: create[localhost:8005]: 
 java.net.BindException: Address already in use (Bind failed)
	at java.net.PlainSocketImpl.socketBind(Native Method)
	at java.net.AbstractPlainSocketImpl.bind(AbstractPlainSocketImpl.java:387)
	at java.net.ServerSocket.bind(ServerSocket.java:375)
	at java.net.ServerSocket.<init>(ServerSocket.java:237)
	at org.apache.catalina.core.StandardServer.await(StandardServer.java:441)
	at org.apache.catalina.startup.Catalina.await(Catalina.java:758)
	at org.apache.catalina.startup.Catalina.start(Catalina.java:704)
	at sun.reflect.NativeMethodAccessorImpl.invoke0(Native Method)
	at sun.reflect.NativeMethodAccessorImpl.invoke(NativeMethodAccessorImpl.java:62)
	at sun.reflect.DelegatingMethodAccessorImpl.invoke(DelegatingMethodAccessorImpl.java:43)
	at java.lang.reflect.Method.invoke(Method.java:498)
	at org.apache.catalina.startup.Bootstrap.start(Bootstrap.java:353)
	at org.apache.catalina.startup.Bootstrap.main(Bootstrap.java:493)

23-Apr-2019 21:38:05.934 INFO [main] org.apache.coyote.AbstractProtocol.pause Pausing ProtocolHandler ["http-nio-8000"]
23-Apr-2019 21:38:05.934 INFO [main] org.apache.coyote.AbstractProtocol.pause Pausing ProtocolHandler ["ajp-nio-8009"]
23-Apr-2019 21:38:05.934 INFO [main] org.apache.catalina.core.StandardService.stopInternal Stopping service [Catalina]
23-Apr-2019 21:38:06.069 INFO [main] org.apache.coyote.AbstractProtocol.stop Stopping ProtocolHandler ["http-nio-8000"]
23-Apr-2019 21:38:06.070 INFO [main] org.apache.coyote.AbstractProtocol.destroy Destroying ProtocolHandler ["http-nio-8000"]
23-Apr-2019 21:38:06.070 INFO [main] org.apache.coyote.AbstractProtocol.stop Stopping ProtocolHandler ["ajp-nio-8009"]
23-Apr-2019 21:38:06.070 INFO [main] org.apache.coyote.AbstractProtocol.destroy Destroying ProtocolHandler ["ajp-nio-8009"]
